{"C:\\jonatan\\REACT\\manageProject\\BS-PMC-2024-Team8\\frontend\\vls\\fileMock.js": {"path":"C:\\jonatan\\REACT\\manageProject\\BS-PMC-2024-Team8\\frontend\\vls\\fileMock.js","statementMap":{"0":{"start":{"line":1,"column":0},"end":{"line":1,"column":34}}},"fnMap":{},"branchMap":{},"s":{"0":17},"f":{},"b":{},"_coverageSchema":"1a1c01bbd47fc00a2c39e90264f33305004495a9","hash":"ffd798aa803825c9de85a2f446a29ae13f348760"}
,"C:\\jonatan\\REACT\\manageProject\\BS-PMC-2024-Team8\\frontend\\vls\\src\\pages\\Admin\\Analytics.jsx": {"path":"C:\\jonatan\\REACT\\manageProject\\BS-PMC-2024-Team8\\frontend\\vls\\src\\pages\\Admin\\Analytics.jsx","statementMap":{"0":{"start":{"line":27,"column":18},"end":{"line":490,"column":1}},"1":{"start":{"line":28,"column":19},"end":{"line":28,"column":32}},"2":{"start":{"line":29,"column":40},"end":{"line":29,"column":51}},"3":{"start":{"line":30,"column":36},"end":{"line":30,"column":48}},"4":{"start":{"line":31,"column":32},"end":{"line":31,"column":44}},"5":{"start":{"line":32,"column":66},"end":{"line":32,"column":78}},"6":{"start":{"line":33,"column":60},"end":{"line":33,"column":72}},"7":{"start":{"line":34,"column":52},"end":{"line":34,"column":67}},"8":{"start":{"line":35,"column":30},"end":{"line":35,"column":42}},"9":{"start":{"line":36,"column":26},"end":{"line":36,"column":38}},"10":{"start":{"line":37,"column":32},"end":{"line":37,"column":44}},"11":{"start":{"line":38,"column":42},"end":{"line":38,"column":54}},"12":{"start":{"line":40,"column":46},"end":{"line":40,"column":61}},"13":{"start":{"line":42,"column":22},"end":{"line":44,"column":3}},"14":{"start":{"line":43,"column":4},"end":{"line":43,"column":45}},"15":{"start":{"line":45,"column":2},"end":{"line":68,"column":17}},"16":{"start":{"line":46,"column":33},"end":{"line":66,"column":5}},"17":{"start":{"line":47,"column":20},"end":{"line":47,"column":40}},"18":{"start":{"line":49,"column":6},"end":{"line":52,"column":7}},"19":{"start":{"line":50,"column":8},"end":{"line":50,"column":41}},"20":{"start":{"line":51,"column":8},"end":{"line":51,"column":15}},"21":{"start":{"line":53,"column":6},"end":{"line":65,"column":7}},"22":{"start":{"line":54,"column":25},"end":{"line":57,"column":9}},"23":{"start":{"line":59,"column":8},"end":{"line":61,"column":9}},"24":{"start":{"line":60,"column":10},"end":{"line":60,"column":43}},"25":{"start":{"line":63,"column":8},"end":{"line":63,"column":65}},"26":{"start":{"line":64,"column":8},"end":{"line":64,"column":41}},"27":{"start":{"line":67,"column":4},"end":{"line":67,"column":27}},"28":{"start":{"line":70,"column":2},"end":{"line":80,"column":23}},"29":{"start":{"line":71,"column":23},"end":{"line":78,"column":5}},"30":{"start":{"line":72,"column":6},"end":{"line":77,"column":7}},"31":{"start":{"line":73,"column":25},"end":{"line":73,"column":74}},"32":{"start":{"line":74,"column":8},"end":{"line":74,"column":51}},"33":{"start":{"line":76,"column":8},"end":{"line":76,"column":54}},"34":{"start":{"line":79,"column":4},"end":{"line":79,"column":17}},"35":{"start":{"line":82,"column":2},"end":{"line":176,"column":23}},"36":{"start":{"line":83,"column":27},"end":{"line":174,"column":5}},"37":{"start":{"line":84,"column":6},"end":{"line":173,"column":7}},"38":{"start":{"line":85,"column":25},"end":{"line":85,"column":78}},"39":{"start":{"line":86,"column":26},"end":{"line":86,"column":49}},"40":{"start":{"line":87,"column":30},"end":{"line":87,"column":31}},"41":{"start":{"line":88,"column":33},"end":{"line":88,"column":34}},"42":{"start":{"line":89,"column":29},"end":{"line":89,"column":30}},"43":{"start":{"line":90,"column":29},"end":{"line":90,"column":31}},"44":{"start":{"line":91,"column":29},"end":{"line":91,"column":31}},"45":{"start":{"line":92,"column":28},"end":{"line":92,"column":30}},"46":{"start":{"line":93,"column":32},"end":{"line":93,"column":34}},"47":{"start":{"line":95,"column":8},"end":{"line":131,"column":11}},"48":{"start":{"line":96,"column":10},"end":{"line":101,"column":11}},"49":{"start":{"line":97,"column":12},"end":{"line":97,"column":30}},"50":{"start":{"line":99,"column":12},"end":{"line":99,"column":33}},"51":{"start":{"line":100,"column":12},"end":{"line":100,"column":59}},"52":{"start":{"line":103,"column":10},"end":{"line":107,"column":11}},"53":{"start":{"line":104,"column":12},"end":{"line":104,"column":42}},"54":{"start":{"line":106,"column":12},"end":{"line":106,"column":44}},"55":{"start":{"line":110,"column":10},"end":{"line":116,"column":11}},"56":{"start":{"line":111,"column":12},"end":{"line":115,"column":13}},"57":{"start":{"line":112,"column":14},"end":{"line":112,"column":44}},"58":{"start":{"line":114,"column":14},"end":{"line":114,"column":46}},"59":{"start":{"line":119,"column":37},"end":{"line":119,"column":60}},"60":{"start":{"line":120,"column":28},"end":{"line":120,"column":46}},"61":{"start":{"line":121,"column":10},"end":{"line":123,"column":11}},"62":{"start":{"line":122,"column":12},"end":{"line":122,"column":40}},"63":{"start":{"line":124,"column":10},"end":{"line":124,"column":66}},"64":{"start":{"line":127,"column":10},"end":{"line":129,"column":11}},"65":{"start":{"line":128,"column":12},"end":{"line":128,"column":43}},"66":{"start":{"line":130,"column":10},"end":{"line":130,"column":39}},"67":{"start":{"line":133,"column":32},"end":{"line":136,"column":22}},"68":{"start":{"line":134,"column":35},"end":{"line":134,"column":50}},"69":{"start":{"line":135,"column":26},"end":{"line":135,"column":43}},"70":{"start":{"line":138,"column":8},"end":{"line":138,"column":38}},"71":{"start":{"line":140,"column":35},"end":{"line":146,"column":12}},"72":{"start":{"line":141,"column":45},"end":{"line":141,"column":70}},"73":{"start":{"line":143,"column":36},"end":{"line":143,"column":70}},"74":{"start":{"line":144,"column":36},"end":{"line":144,"column":70}},"75":{"start":{"line":145,"column":12},"end":{"line":145,"column":69}},"76":{"start":{"line":148,"column":8},"end":{"line":148,"column":53}},"77":{"start":{"line":150,"column":27},"end":{"line":153,"column":11}},"78":{"start":{"line":150,"column":79},"end":{"line":153,"column":9}},"79":{"start":{"line":155,"column":8},"end":{"line":155,"column":31}},"80":{"start":{"line":157,"column":38},"end":{"line":163,"column":12}},"81":{"start":{"line":158,"column":40},"end":{"line":158,"column":60}},"82":{"start":{"line":160,"column":36},"end":{"line":160,"column":70}},"83":{"start":{"line":161,"column":36},"end":{"line":161,"column":70}},"84":{"start":{"line":162,"column":12},"end":{"line":162,"column":69}},"85":{"start":{"line":165,"column":8},"end":{"line":165,"column":59}},"86":{"start":{"line":167,"column":8},"end":{"line":167,"column":63}},"87":{"start":{"line":168,"column":8},"end":{"line":168,"column":69}},"88":{"start":{"line":169,"column":8},"end":{"line":169,"column":51}},"89":{"start":{"line":170,"column":8},"end":{"line":170,"column":47}},"90":{"start":{"line":172,"column":8},"end":{"line":172,"column":58}},"91":{"start":{"line":175,"column":4},"end":{"line":175,"column":21}},"92":{"start":{"line":178,"column":2},"end":{"line":264,"column":23}},"93":{"start":{"line":179,"column":30},"end":{"line":262,"column":5}},"94":{"start":{"line":180,"column":6},"end":{"line":261,"column":7}},"95":{"start":{"line":181,"column":25},"end":{"line":181,"column":81}},"96":{"start":{"line":182,"column":8},"end":{"line":182,"column":61}},"97":{"start":{"line":183,"column":29},"end":{"line":183,"column":55}},"98":{"start":{"line":184,"column":26},"end":{"line":184,"column":28}},"99":{"start":{"line":185,"column":25},"end":{"line":185,"column":27}},"100":{"start":{"line":186,"column":25},"end":{"line":186,"column":27}},"101":{"start":{"line":187,"column":30},"end":{"line":187,"column":32}},"102":{"start":{"line":189,"column":8},"end":{"line":225,"column":11}},"103":{"start":{"line":191,"column":10},"end":{"line":197,"column":11}},"104":{"start":{"line":192,"column":12},"end":{"line":196,"column":13}},"105":{"start":{"line":193,"column":14},"end":{"line":193,"column":44}},"106":{"start":{"line":195,"column":14},"end":{"line":195,"column":46}},"107":{"start":{"line":200,"column":10},"end":{"line":206,"column":11}},"108":{"start":{"line":201,"column":12},"end":{"line":205,"column":13}},"109":{"start":{"line":202,"column":14},"end":{"line":202,"column":42}},"110":{"start":{"line":204,"column":14},"end":{"line":204,"column":44}},"111":{"start":{"line":209,"column":10},"end":{"line":215,"column":11}},"112":{"start":{"line":210,"column":12},"end":{"line":214,"column":13}},"113":{"start":{"line":211,"column":14},"end":{"line":211,"column":42}},"114":{"start":{"line":213,"column":14},"end":{"line":213,"column":44}},"115":{"start":{"line":218,"column":10},"end":{"line":224,"column":11}},"116":{"start":{"line":219,"column":12},"end":{"line":223,"column":13}},"117":{"start":{"line":220,"column":14},"end":{"line":220,"column":52}},"118":{"start":{"line":222,"column":14},"end":{"line":222,"column":54}},"119":{"start":{"line":227,"column":25},"end":{"line":230,"column":11}},"120":{"start":{"line":227,"column":75},"end":{"line":230,"column":9}},"121":{"start":{"line":232,"column":8},"end":{"line":232,"column":28}},"122":{"start":{"line":234,"column":24},"end":{"line":237,"column":11}},"123":{"start":{"line":234,"column":73},"end":{"line":237,"column":9}},"124":{"start":{"line":239,"column":8},"end":{"line":239,"column":25}},"125":{"start":{"line":241,"column":24},"end":{"line":244,"column":11}},"126":{"start":{"line":241,"column":73},"end":{"line":244,"column":9}},"127":{"start":{"line":246,"column":8},"end":{"line":246,"column":28}},"128":{"start":{"line":248,"column":29},"end":{"line":251,"column":11}},"129":{"start":{"line":248,"column":83},"end":{"line":251,"column":9}},"130":{"start":{"line":253,"column":8},"end":{"line":253,"column":38}},"131":{"start":{"line":255,"column":8},"end":{"line":255,"column":43}},"132":{"start":{"line":256,"column":8},"end":{"line":256,"column":41}},"133":{"start":{"line":257,"column":8},"end":{"line":257,"column":41}},"134":{"start":{"line":258,"column":8},"end":{"line":258,"column":51}},"135":{"start":{"line":260,"column":8},"end":{"line":260,"column":61}},"136":{"start":{"line":263,"column":4},"end":{"line":263,"column":24}},"137":{"start":{"line":266,"column":2},"end":{"line":275,"column":9}},"138":{"start":{"line":268,"column":23},"end":{"line":271,"column":13}},"139":{"start":{"line":269,"column":6},"end":{"line":269,"column":39}},"140":{"start":{"line":269,"column":32},"end":{"line":269,"column":37}},"141":{"start":{"line":270,"column":6},"end":{"line":270,"column":34}},"142":{"start":{"line":274,"column":4},"end":{"line":274,"column":43}},"143":{"start":{"line":274,"column":17},"end":{"line":274,"column":42}},"144":{"start":{"line":277,"column":17},"end":{"line":277,"column":94}},"145":{"start":{"line":279,"column":2},"end":{"line":489,"column":4}},"146":{"start":{"line":348,"column":20},"end":{"line":348,"column":87}},"147":{"start":{"line":392,"column":18},"end":{"line":392,"column":85}},"148":{"start":{"line":419,"column":20},"end":{"line":419,"column":87}},"149":{"start":{"line":443,"column":37},"end":{"line":443,"column":42}},"150":{"start":{"line":446,"column":20},"end":{"line":452,"column":21}},"151":{"start":{"line":447,"column":22},"end":{"line":447,"column":44}},"152":{"start":{"line":448,"column":27},"end":{"line":452,"column":21}},"153":{"start":{"line":449,"column":22},"end":{"line":449,"column":44}},"154":{"start":{"line":451,"column":22},"end":{"line":451,"column":64}},"155":{"start":{"line":454,"column":20},"end":{"line":454,"column":75}}},"fnMap":{"0":{"name":"(anonymous_0)","decl":{"start":{"line":27,"column":18},"end":{"line":27,"column":19}},"loc":{"start":{"line":27,"column":24},"end":{"line":490,"column":1}},"line":27},"1":{"name":"(anonymous_1)","decl":{"start":{"line":42,"column":22},"end":{"line":42,"column":23}},"loc":{"start":{"line":42,"column":28},"end":{"line":44,"column":3}},"line":42},"2":{"name":"(anonymous_2)","decl":{"start":{"line":45,"column":12},"end":{"line":45,"column":13}},"loc":{"start":{"line":45,"column":18},"end":{"line":68,"column":3}},"line":45},"3":{"name":"(anonymous_3)","decl":{"start":{"line":46,"column":33},"end":{"line":46,"column":34}},"loc":{"start":{"line":46,"column":45},"end":{"line":66,"column":5}},"line":46},"4":{"name":"(anonymous_4)","decl":{"start":{"line":70,"column":12},"end":{"line":70,"column":13}},"loc":{"start":{"line":70,"column":18},"end":{"line":80,"column":3}},"line":70},"5":{"name":"(anonymous_5)","decl":{"start":{"line":71,"column":23},"end":{"line":71,"column":24}},"loc":{"start":{"line":71,"column":35},"end":{"line":78,"column":5}},"line":71},"6":{"name":"(anonymous_6)","decl":{"start":{"line":82,"column":12},"end":{"line":82,"column":13}},"loc":{"start":{"line":82,"column":18},"end":{"line":176,"column":3}},"line":82},"7":{"name":"(anonymous_7)","decl":{"start":{"line":83,"column":27},"end":{"line":83,"column":28}},"loc":{"start":{"line":83,"column":39},"end":{"line":174,"column":5}},"line":83},"8":{"name":"(anonymous_8)","decl":{"start":{"line":95,"column":26},"end":{"line":95,"column":27}},"loc":{"start":{"line":95,"column":39},"end":{"line":131,"column":9}},"line":95},"9":{"name":"(anonymous_9)","decl":{"start":{"line":134,"column":15},"end":{"line":134,"column":16}},"loc":{"start":{"line":134,"column":35},"end":{"line":134,"column":50}},"line":134},"10":{"name":"(anonymous_10)","decl":{"start":{"line":135,"column":16},"end":{"line":135,"column":17}},"loc":{"start":{"line":135,"column":26},"end":{"line":135,"column":43}},"line":135},"11":{"name":"(anonymous_11)","decl":{"start":{"line":141,"column":15},"end":{"line":141,"column":16}},"loc":{"start":{"line":141,"column":45},"end":{"line":141,"column":70}},"line":141},"12":{"name":"(anonymous_12)","decl":{"start":{"line":142,"column":16},"end":{"line":142,"column":17}},"loc":{"start":{"line":142,"column":26},"end":{"line":146,"column":11}},"line":142},"13":{"name":"(anonymous_13)","decl":{"start":{"line":150,"column":59},"end":{"line":150,"column":60}},"loc":{"start":{"line":150,"column":79},"end":{"line":153,"column":9}},"line":150},"14":{"name":"(anonymous_14)","decl":{"start":{"line":158,"column":15},"end":{"line":158,"column":16}},"loc":{"start":{"line":158,"column":40},"end":{"line":158,"column":60}},"line":158},"15":{"name":"(anonymous_15)","decl":{"start":{"line":159,"column":16},"end":{"line":159,"column":17}},"loc":{"start":{"line":159,"column":26},"end":{"line":163,"column":11}},"line":159},"16":{"name":"(anonymous_16)","decl":{"start":{"line":178,"column":12},"end":{"line":178,"column":13}},"loc":{"start":{"line":178,"column":18},"end":{"line":264,"column":3}},"line":178},"17":{"name":"(anonymous_17)","decl":{"start":{"line":179,"column":30},"end":{"line":179,"column":31}},"loc":{"start":{"line":179,"column":42},"end":{"line":262,"column":5}},"line":179},"18":{"name":"(anonymous_18)","decl":{"start":{"line":189,"column":29},"end":{"line":189,"column":30}},"loc":{"start":{"line":189,"column":46},"end":{"line":225,"column":9}},"line":189},"19":{"name":"(anonymous_19)","decl":{"start":{"line":227,"column":55},"end":{"line":227,"column":56}},"loc":{"start":{"line":227,"column":75},"end":{"line":230,"column":9}},"line":227},"20":{"name":"(anonymous_20)","decl":{"start":{"line":234,"column":53},"end":{"line":234,"column":54}},"loc":{"start":{"line":234,"column":73},"end":{"line":237,"column":9}},"line":234},"21":{"name":"(anonymous_21)","decl":{"start":{"line":241,"column":53},"end":{"line":241,"column":54}},"loc":{"start":{"line":241,"column":73},"end":{"line":244,"column":9}},"line":241},"22":{"name":"(anonymous_22)","decl":{"start":{"line":248,"column":63},"end":{"line":248,"column":64}},"loc":{"start":{"line":248,"column":83},"end":{"line":251,"column":9}},"line":248},"23":{"name":"(anonymous_23)","decl":{"start":{"line":266,"column":12},"end":{"line":266,"column":13}},"loc":{"start":{"line":266,"column":18},"end":{"line":275,"column":3}},"line":266},"24":{"name":"(anonymous_24)","decl":{"start":{"line":268,"column":35},"end":{"line":268,"column":36}},"loc":{"start":{"line":268,"column":41},"end":{"line":271,"column":5}},"line":268},"25":{"name":"(anonymous_25)","decl":{"start":{"line":269,"column":24},"end":{"line":269,"column":25}},"loc":{"start":{"line":269,"column":32},"end":{"line":269,"column":37}},"line":269},"26":{"name":"(anonymous_26)","decl":{"start":{"line":274,"column":11},"end":{"line":274,"column":12}},"loc":{"start":{"line":274,"column":17},"end":{"line":274,"column":42}},"line":274},"27":{"name":"(anonymous_27)","decl":{"start":{"line":347,"column":31},"end":{"line":347,"column":32}},"loc":{"start":{"line":348,"column":20},"end":{"line":348,"column":87}},"line":348},"28":{"name":"(anonymous_28)","decl":{"start":{"line":391,"column":28},"end":{"line":391,"column":29}},"loc":{"start":{"line":392,"column":18},"end":{"line":392,"column":85}},"line":392},"29":{"name":"(anonymous_29)","decl":{"start":{"line":418,"column":28},"end":{"line":418,"column":29}},"loc":{"start":{"line":419,"column":20},"end":{"line":419,"column":87}},"line":419},"30":{"name":"(anonymous_30)","decl":{"start":{"line":441,"column":31},"end":{"line":441,"column":32}},"loc":{"start":{"line":441,"column":49},"end":{"line":455,"column":19}},"line":441}},"branchMap":{"0":{"loc":{"start":{"line":49,"column":6},"end":{"line":52,"column":7}},"type":"if","locations":[{"start":{"line":49,"column":6},"end":{"line":52,"column":7}},{"start":{},"end":{}}],"line":49},"1":{"loc":{"start":{"line":59,"column":8},"end":{"line":61,"column":9}},"type":"if","locations":[{"start":{"line":59,"column":8},"end":{"line":61,"column":9}},{"start":{},"end":{}}],"line":59},"2":{"loc":{"start":{"line":96,"column":10},"end":{"line":101,"column":11}},"type":"if","locations":[{"start":{"line":96,"column":10},"end":{"line":101,"column":11}},{"start":{"line":98,"column":17},"end":{"line":101,"column":11}}],"line":96},"3":{"loc":{"start":{"line":103,"column":10},"end":{"line":107,"column":11}},"type":"if","locations":[{"start":{"line":103,"column":10},"end":{"line":107,"column":11}},{"start":{"line":105,"column":17},"end":{"line":107,"column":11}}],"line":103},"4":{"loc":{"start":{"line":110,"column":10},"end":{"line":116,"column":11}},"type":"if","locations":[{"start":{"line":110,"column":10},"end":{"line":116,"column":11}},{"start":{},"end":{}}],"line":110},"5":{"loc":{"start":{"line":111,"column":12},"end":{"line":115,"column":13}},"type":"if","locations":[{"start":{"line":111,"column":12},"end":{"line":115,"column":13}},{"start":{"line":113,"column":19},"end":{"line":115,"column":13}}],"line":111},"6":{"loc":{"start":{"line":121,"column":10},"end":{"line":123,"column":11}},"type":"if","locations":[{"start":{"line":121,"column":10},"end":{"line":123,"column":11}},{"start":{},"end":{}}],"line":121},"7":{"loc":{"start":{"line":127,"column":10},"end":{"line":129,"column":11}},"type":"if","locations":[{"start":{"line":127,"column":10},"end":{"line":129,"column":11}},{"start":{},"end":{}}],"line":127},"8":{"loc":{"start":{"line":145,"column":19},"end":{"line":145,"column":68}},"type":"cond-expr","locations":[{"start":{"line":145,"column":37},"end":{"line":145,"column":50}},{"start":{"line":145,"column":53},"end":{"line":145,"column":68}}],"line":145},"9":{"loc":{"start":{"line":162,"column":19},"end":{"line":162,"column":68}},"type":"cond-expr","locations":[{"start":{"line":162,"column":37},"end":{"line":162,"column":50}},{"start":{"line":162,"column":53},"end":{"line":162,"column":68}}],"line":162},"10":{"loc":{"start":{"line":191,"column":10},"end":{"line":197,"column":11}},"type":"if","locations":[{"start":{"line":191,"column":10},"end":{"line":197,"column":11}},{"start":{},"end":{}}],"line":191},"11":{"loc":{"start":{"line":192,"column":12},"end":{"line":196,"column":13}},"type":"if","locations":[{"start":{"line":192,"column":12},"end":{"line":196,"column":13}},{"start":{"line":194,"column":19},"end":{"line":196,"column":13}}],"line":192},"12":{"loc":{"start":{"line":200,"column":10},"end":{"line":206,"column":11}},"type":"if","locations":[{"start":{"line":200,"column":10},"end":{"line":206,"column":11}},{"start":{},"end":{}}],"line":200},"13":{"loc":{"start":{"line":201,"column":12},"end":{"line":205,"column":13}},"type":"if","locations":[{"start":{"line":201,"column":12},"end":{"line":205,"column":13}},{"start":{"line":203,"column":19},"end":{"line":205,"column":13}}],"line":201},"14":{"loc":{"start":{"line":209,"column":10},"end":{"line":215,"column":11}},"type":"if","locations":[{"start":{"line":209,"column":10},"end":{"line":215,"column":11}},{"start":{},"end":{}}],"line":209},"15":{"loc":{"start":{"line":210,"column":12},"end":{"line":214,"column":13}},"type":"if","locations":[{"start":{"line":210,"column":12},"end":{"line":214,"column":13}},{"start":{"line":212,"column":19},"end":{"line":214,"column":13}}],"line":210},"16":{"loc":{"start":{"line":218,"column":10},"end":{"line":224,"column":11}},"type":"if","locations":[{"start":{"line":218,"column":10},"end":{"line":224,"column":11}},{"start":{},"end":{}}],"line":218},"17":{"loc":{"start":{"line":219,"column":12},"end":{"line":223,"column":13}},"type":"if","locations":[{"start":{"line":219,"column":12},"end":{"line":223,"column":13}},{"start":{"line":221,"column":19},"end":{"line":223,"column":13}}],"line":219},"18":{"loc":{"start":{"line":446,"column":20},"end":{"line":452,"column":21}},"type":"if","locations":[{"start":{"line":446,"column":20},"end":{"line":452,"column":21}},{"start":{"line":448,"column":27},"end":{"line":452,"column":21}}],"line":446},"19":{"loc":{"start":{"line":448,"column":27},"end":{"line":452,"column":21}},"type":"if","locations":[{"start":{"line":448,"column":27},"end":{"line":452,"column":21}},{"start":{"line":450,"column":27},"end":{"line":452,"column":21}}],"line":448}},"s":{"0":2,"1":4,"2":4,"3":4,"4":4,"5":4,"6":4,"7":4,"8":4,"9":4,"10":4,"11":4,"12":4,"13":4,"14":0,"15":4,"16":2,"17":2,"18":2,"19":0,"20":0,"21":2,"22":2,"23":2,"24":1,"25":0,"26":0,"27":2,"28":4,"29":2,"30":2,"31":2,"32":2,"33":0,"34":2,"35":4,"36":2,"37":2,"38":2,"39":2,"40":2,"41":2,"42":2,"43":2,"44":2,"45":2,"46":2,"47":2,"48":4,"49":2,"50":2,"51":2,"52":4,"53":0,"54":4,"55":4,"56":4,"57":0,"58":4,"59":4,"60":4,"61":4,"62":4,"63":4,"64":4,"65":4,"66":4,"67":2,"68":4,"69":2,"70":2,"71":2,"72":4,"73":2,"74":2,"75":2,"76":2,"77":2,"78":4,"79":2,"80":2,"81":4,"82":2,"83":2,"84":2,"85":2,"86":2,"87":2,"88":2,"89":2,"90":0,"91":2,"92":4,"93":2,"94":2,"95":2,"96":2,"97":2,"98":2,"99":2,"100":2,"101":2,"102":2,"103":4,"104":4,"105":0,"106":4,"107":4,"108":4,"109":0,"110":4,"111":4,"112":4,"113":0,"114":4,"115":4,"116":4,"117":0,"118":4,"119":2,"120":4,"121":2,"122":2,"123":4,"124":2,"125":2,"126":4,"127":2,"128":2,"129":4,"130":2,"131":2,"132":2,"133":2,"134":2,"135":0,"136":2,"137":4,"138":2,"139":0,"140":0,"141":0,"142":2,"143":2,"144":4,"145":4,"146":4,"147":4,"148":4,"149":4,"150":4,"151":0,"152":4,"153":0,"154":4,"155":4},"f":{"0":4,"1":0,"2":2,"3":2,"4":2,"5":2,"6":2,"7":2,"8":4,"9":4,"10":2,"11":4,"12":2,"13":4,"14":4,"15":2,"16":2,"17":2,"18":4,"19":4,"20":4,"21":4,"22":4,"23":2,"24":0,"25":0,"26":2,"27":4,"28":4,"29":4,"30":4},"b":{"0":[0,2],"1":[1,1],"2":[2,2],"3":[0,4],"4":[4,0],"5":[0,4],"6":[4,0],"7":[4,0],"8":[0,2],"9":[0,2],"10":[4,0],"11":[0,4],"12":[4,0],"13":[0,4],"14":[4,0],"15":[0,4],"16":[4,0],"17":[0,4],"18":[0,4],"19":[0,4]},"_coverageSchema":"1a1c01bbd47fc00a2c39e90264f33305004495a9","hash":"220857abf90cbeb451f58dddd15790cae47dfbcd"}
,"C:\\jonatan\\REACT\\manageProject\\BS-PMC-2024-Team8\\frontend\\vls\\src\\pages\\Admin\\Clients.jsx": {"path":"C:\\jonatan\\REACT\\manageProject\\BS-PMC-2024-Team8\\frontend\\vls\\src\\pages\\Admin\\Clients.jsx","statementMap":{"0":{"start":{"line":14,"column":16},"end":{"line":251,"column":1}},"1":{"start":{"line":15,"column":52},"end":{"line":15,"column":67}},"2":{"start":{"line":16,"column":30},"end":{"line":16,"column":42}},"3":{"start":{"line":17,"column":36},"end":{"line":17,"column":48}},"4":{"start":{"line":18,"column":42},"end":{"line":18,"column":54}},"5":{"start":{"line":19,"column":19},"end":{"line":19,"column":32}},"6":{"start":{"line":21,"column":22},"end":{"line":23,"column":3}},"7":{"start":{"line":22,"column":4},"end":{"line":22,"column":45}},"8":{"start":{"line":25,"column":2},"end":{"line":47,"column":17}},"9":{"start":{"line":26,"column":33},"end":{"line":45,"column":5}},"10":{"start":{"line":27,"column":20},"end":{"line":27,"column":40}},"11":{"start":{"line":29,"column":6},"end":{"line":32,"column":7}},"12":{"start":{"line":30,"column":8},"end":{"line":30,"column":41}},"13":{"start":{"line":31,"column":8},"end":{"line":31,"column":15}},"14":{"start":{"line":33,"column":6},"end":{"line":44,"column":7}},"15":{"start":{"line":34,"column":25},"end":{"line":37,"column":9}},"16":{"start":{"line":38,"column":8},"end":{"line":40,"column":9}},"17":{"start":{"line":39,"column":10},"end":{"line":39,"column":43}},"18":{"start":{"line":42,"column":8},"end":{"line":42,"column":67}},"19":{"start":{"line":43,"column":8},"end":{"line":43,"column":41}},"20":{"start":{"line":46,"column":4},"end":{"line":46,"column":27}},"21":{"start":{"line":49,"column":2},"end":{"line":61,"column":9}},"22":{"start":{"line":50,"column":24},"end":{"line":59,"column":5}},"23":{"start":{"line":51,"column":6},"end":{"line":58,"column":7}},"24":{"start":{"line":52,"column":25},"end":{"line":54,"column":9}},"25":{"start":{"line":55,"column":8},"end":{"line":55,"column":41}},"26":{"start":{"line":57,"column":8},"end":{"line":57,"column":55}},"27":{"start":{"line":60,"column":4},"end":{"line":60,"column":18}},"28":{"start":{"line":62,"column":23},"end":{"line":163,"column":3}},"29":{"start":{"line":63,"column":4},"end":{"line":162,"column":7}},"30":{"start":{"line":65,"column":8},"end":{"line":159,"column":10}},"31":{"start":{"line":72,"column":18},"end":{"line":118,"column":19}},"32":{"start":{"line":73,"column":37},"end":{"line":73,"column":101}},"33":{"start":{"line":74,"column":20},"end":{"line":102,"column":21}},"34":{"start":{"line":75,"column":22},"end":{"line":75,"column":88}},"35":{"start":{"line":75,"column":44},"end":{"line":75,"column":86}},"36":{"start":{"line":75,"column":65},"end":{"line":75,"column":85}},"37":{"start":{"line":76,"column":22},"end":{"line":88,"column":28}},"38":{"start":{"line":77,"column":24},"end":{"line":87,"column":27}},"39":{"start":{"line":91,"column":22},"end":{"line":101,"column":25}},"40":{"start":{"line":104,"column":20},"end":{"line":104,"column":68}},"41":{"start":{"line":105,"column":20},"end":{"line":115,"column":23}},"42":{"start":{"line":117,"column":20},"end":{"line":117,"column":30}},"43":{"start":{"line":133,"column":18},"end":{"line":143,"column":21}},"44":{"start":{"line":144,"column":18},"end":{"line":144,"column":28}},"45":{"start":{"line":165,"column":27},"end":{"line":167,"column":3}},"46":{"start":{"line":166,"column":4},"end":{"line":166,"column":37}},"47":{"start":{"line":169,"column":30},"end":{"line":171,"column":3}},"48":{"start":{"line":170,"column":4},"end":{"line":170,"column":40}},"49":{"start":{"line":173,"column":25},"end":{"line":178,"column":4}},"50":{"start":{"line":174,"column":4},"end":{"line":177,"column":6}},"51":{"start":{"line":180,"column":2},"end":{"line":250,"column":4}},"52":{"start":{"line":224,"column":16},"end":{"line":243,"column":21}},"53":{"start":{"line":238,"column":37},"end":{"line":238,"column":57}}},"fnMap":{"0":{"name":"(anonymous_0)","decl":{"start":{"line":14,"column":16},"end":{"line":14,"column":17}},"loc":{"start":{"line":14,"column":22},"end":{"line":251,"column":1}},"line":14},"1":{"name":"(anonymous_1)","decl":{"start":{"line":21,"column":22},"end":{"line":21,"column":23}},"loc":{"start":{"line":21,"column":28},"end":{"line":23,"column":3}},"line":21},"2":{"name":"(anonymous_2)","decl":{"start":{"line":25,"column":12},"end":{"line":25,"column":13}},"loc":{"start":{"line":25,"column":18},"end":{"line":47,"column":3}},"line":25},"3":{"name":"(anonymous_3)","decl":{"start":{"line":26,"column":33},"end":{"line":26,"column":34}},"loc":{"start":{"line":26,"column":45},"end":{"line":45,"column":5}},"line":26},"4":{"name":"(anonymous_4)","decl":{"start":{"line":49,"column":12},"end":{"line":49,"column":13}},"loc":{"start":{"line":49,"column":18},"end":{"line":61,"column":3}},"line":49},"5":{"name":"(anonymous_5)","decl":{"start":{"line":50,"column":24},"end":{"line":50,"column":25}},"loc":{"start":{"line":50,"column":36},"end":{"line":59,"column":5}},"line":50},"6":{"name":"(anonymous_6)","decl":{"start":{"line":62,"column":23},"end":{"line":62,"column":24}},"loc":{"start":{"line":62,"column":41},"end":{"line":163,"column":3}},"line":62},"7":{"name":"(anonymous_7)","decl":{"start":{"line":64,"column":16},"end":{"line":64,"column":17}},"loc":{"start":{"line":64,"column":33},"end":{"line":160,"column":7}},"line":64},"8":{"name":"(anonymous_8)","decl":{"start":{"line":71,"column":25},"end":{"line":71,"column":26}},"loc":{"start":{"line":71,"column":37},"end":{"line":119,"column":17}},"line":71},"9":{"name":"(anonymous_9)","decl":{"start":{"line":75,"column":32},"end":{"line":75,"column":33}},"loc":{"start":{"line":75,"column":44},"end":{"line":75,"column":86}},"line":75},"10":{"name":"(anonymous_10)","decl":{"start":{"line":75,"column":58},"end":{"line":75,"column":59}},"loc":{"start":{"line":75,"column":65},"end":{"line":75,"column":85}},"line":75},"11":{"name":"(anonymous_11)","decl":{"start":{"line":76,"column":33},"end":{"line":76,"column":34}},"loc":{"start":{"line":76,"column":39},"end":{"line":88,"column":23}},"line":76},"12":{"name":"(anonymous_12)","decl":{"start":{"line":132,"column":25},"end":{"line":132,"column":26}},"loc":{"start":{"line":132,"column":31},"end":{"line":145,"column":17}},"line":132},"13":{"name":"(anonymous_13)","decl":{"start":{"line":165,"column":27},"end":{"line":165,"column":28}},"loc":{"start":{"line":165,"column":38},"end":{"line":167,"column":3}},"line":165},"14":{"name":"(anonymous_14)","decl":{"start":{"line":169,"column":30},"end":{"line":169,"column":31}},"loc":{"start":{"line":169,"column":41},"end":{"line":171,"column":3}},"line":169},"15":{"name":"(anonymous_15)","decl":{"start":{"line":173,"column":39},"end":{"line":173,"column":40}},"loc":{"start":{"line":173,"column":51},"end":{"line":178,"column":3}},"line":173},"16":{"name":"(anonymous_16)","decl":{"start":{"line":223,"column":34},"end":{"line":223,"column":35}},"loc":{"start":{"line":224,"column":16},"end":{"line":243,"column":21}},"line":224},"17":{"name":"(anonymous_17)","decl":{"start":{"line":238,"column":31},"end":{"line":238,"column":32}},"loc":{"start":{"line":238,"column":37},"end":{"line":238,"column":57}},"line":238}},"branchMap":{"0":{"loc":{"start":{"line":29,"column":6},"end":{"line":32,"column":7}},"type":"if","locations":[{"start":{"line":29,"column":6},"end":{"line":32,"column":7}},{"start":{},"end":{}}],"line":29},"1":{"loc":{"start":{"line":38,"column":8},"end":{"line":40,"column":9}},"type":"if","locations":[{"start":{"line":38,"column":8},"end":{"line":40,"column":9}},{"start":{},"end":{}}],"line":38},"2":{"loc":{"start":{"line":74,"column":20},"end":{"line":102,"column":21}},"type":"if","locations":[{"start":{"line":74,"column":20},"end":{"line":102,"column":21}},{"start":{"line":90,"column":27},"end":{"line":102,"column":21}}],"line":74},"3":{"loc":{"start":{"line":175,"column":6},"end":{"line":176,"column":71}},"type":"binary-expr","locations":[{"start":{"line":175,"column":6},"end":{"line":175,"column":65}},{"start":{"line":176,"column":6},"end":{"line":176,"column":71}}],"line":175}},"s":{"0":1,"1":6,"2":6,"3":6,"4":6,"5":6,"6":6,"7":0,"8":6,"9":3,"10":3,"11":3,"12":0,"13":0,"14":3,"15":3,"16":3,"17":1,"18":0,"19":0,"20":3,"21":6,"22":3,"23":3,"24":3,"25":3,"26":0,"27":3,"28":6,"29":1,"30":1,"31":0,"32":0,"33":0,"34":0,"35":0,"36":0,"37":0,"38":0,"39":0,"40":0,"41":0,"42":0,"43":0,"44":0,"45":6,"46":0,"47":6,"48":0,"49":6,"50":6,"51":6,"52":6,"53":1},"f":{"0":6,"1":0,"2":3,"3":3,"4":3,"5":3,"6":1,"7":1,"8":0,"9":0,"10":0,"11":0,"12":0,"13":0,"14":0,"15":6,"16":6,"17":1},"b":{"0":[0,3],"1":[1,2],"2":[0,0],"3":[6,6]},"_coverageSchema":"1a1c01bbd47fc00a2c39e90264f33305004495a9","hash":"535a382f9451efdd0dadbfd162575477107c8049"}
,"C:\\jonatan\\REACT\\manageProject\\BS-PMC-2024-Team8\\frontend\\vls\\src\\pages\\Admin\\Contact.jsx": {"path":"C:\\jonatan\\REACT\\manageProject\\BS-PMC-2024-Team8\\frontend\\vls\\src\\pages\\Admin\\Contact.jsx","statementMap":{"0":{"start":{"line":15,"column":19},"end":{"line":15,"column":32}},"1":{"start":{"line":16,"column":26},"end":{"line":16,"column":38}},"2":{"start":{"line":17,"column":28},"end":{"line":17,"column":40}},"3":{"start":{"line":18,"column":36},"end":{"line":18,"column":48}},"4":{"start":{"line":19,"column":40},"end":{"line":19,"column":52}},"5":{"start":{"line":20,"column":30},"end":{"line":20,"column":42}},"6":{"start":{"line":21,"column":48},"end":{"line":21,"column":60}},"7":{"start":{"line":22,"column":38},"end":{"line":22,"column":50}},"8":{"start":{"line":23,"column":38},"end":{"line":23,"column":50}},"9":{"start":{"line":25,"column":2},"end":{"line":45,"column":17}},"10":{"start":{"line":26,"column":33},"end":{"line":43,"column":5}},"11":{"start":{"line":27,"column":20},"end":{"line":27,"column":40}},"12":{"start":{"line":29,"column":6},"end":{"line":32,"column":7}},"13":{"start":{"line":30,"column":8},"end":{"line":30,"column":41}},"14":{"start":{"line":31,"column":8},"end":{"line":31,"column":15}},"15":{"start":{"line":33,"column":6},"end":{"line":42,"column":7}},"16":{"start":{"line":34,"column":25},"end":{"line":34,"column":94}},"17":{"start":{"line":36,"column":8},"end":{"line":38,"column":9}},"18":{"start":{"line":37,"column":10},"end":{"line":37,"column":43}},"19":{"start":{"line":40,"column":8},"end":{"line":40,"column":65}},"20":{"start":{"line":41,"column":8},"end":{"line":41,"column":41}},"21":{"start":{"line":44,"column":4},"end":{"line":44,"column":27}},"22":{"start":{"line":47,"column":2},"end":{"line":49,"column":9}},"23":{"start":{"line":48,"column":4},"end":{"line":48,"column":38}},"24":{"start":{"line":51,"column":2},"end":{"line":54,"column":24}},"25":{"start":{"line":52,"column":4},"end":{"line":52,"column":40}},"26":{"start":{"line":53,"column":4},"end":{"line":53,"column":28}},"27":{"start":{"line":56,"column":2},"end":{"line":68,"column":9}},"28":{"start":{"line":57,"column":20},"end":{"line":66,"column":5}},"29":{"start":{"line":58,"column":6},"end":{"line":65,"column":7}},"30":{"start":{"line":59,"column":22},"end":{"line":59,"column":42}},"31":{"start":{"line":60,"column":25},"end":{"line":60,"column":74}},"32":{"start":{"line":61,"column":21},"end":{"line":61,"column":34}},"33":{"start":{"line":62,"column":8},"end":{"line":62,"column":37}},"34":{"start":{"line":64,"column":8},"end":{"line":64,"column":52}},"35":{"start":{"line":67,"column":4},"end":{"line":67,"column":14}},"36":{"start":{"line":70,"column":25},"end":{"line":92,"column":3}},"37":{"start":{"line":71,"column":26},"end":{"line":90,"column":5}},"38":{"start":{"line":72,"column":6},"end":{"line":89,"column":7}},"39":{"start":{"line":73,"column":25},"end":{"line":73,"column":74}},"40":{"start":{"line":74,"column":22},"end":{"line":74,"column":41}},"41":{"start":{"line":75,"column":23},"end":{"line":75,"column":25}},"42":{"start":{"line":76,"column":8},"end":{"line":76,"column":32}},"43":{"start":{"line":77,"column":8},"end":{"line":85,"column":9}},"44":{"start":{"line":78,"column":30},"end":{"line":78,"column":42}},"45":{"start":{"line":79,"column":24},"end":{"line":79,"column":34}},"46":{"start":{"line":80,"column":10},"end":{"line":83,"column":11}},"47":{"start":{"line":81,"column":12},"end":{"line":81,"column":37}},"48":{"start":{"line":84,"column":10},"end":{"line":84,"column":42}},"49":{"start":{"line":86,"column":8},"end":{"line":86,"column":26}},"50":{"start":{"line":88,"column":8},"end":{"line":88,"column":52}},"51":{"start":{"line":91,"column":4},"end":{"line":91,"column":20}},"52":{"start":{"line":94,"column":23},"end":{"line":139,"column":3}},"53":{"start":{"line":95,"column":4},"end":{"line":95,"column":23}},"54":{"start":{"line":96,"column":23},"end":{"line":96,"column":37}},"55":{"start":{"line":97,"column":4},"end":{"line":99,"column":5}},"56":{"start":{"line":98,"column":6},"end":{"line":98,"column":13}},"57":{"start":{"line":100,"column":4},"end":{"line":104,"column":5}},"58":{"start":{"line":102,"column":6},"end":{"line":102,"column":71}},"59":{"start":{"line":103,"column":6},"end":{"line":103,"column":13}},"60":{"start":{"line":105,"column":4},"end":{"line":105,"column":22}},"61":{"start":{"line":106,"column":22},"end":{"line":106,"column":37}},"62":{"start":{"line":107,"column":23},"end":{"line":107,"column":41}},"63":{"start":{"line":108,"column":4},"end":{"line":138,"column":5}},"64":{"start":{"line":109,"column":6},"end":{"line":114,"column":9}},"65":{"start":{"line":115,"column":6},"end":{"line":125,"column":9}},"66":{"start":{"line":127,"column":6},"end":{"line":137,"column":9}},"67":{"start":{"line":141,"column":52},"end":{"line":141,"column":67}},"68":{"start":{"line":142,"column":22},"end":{"line":144,"column":3}},"69":{"start":{"line":143,"column":4},"end":{"line":143,"column":45}},"70":{"start":{"line":146,"column":28},"end":{"line":163,"column":3}},"71":{"start":{"line":147,"column":28},"end":{"line":147,"column":36}},"72":{"start":{"line":148,"column":4},"end":{"line":162,"column":5}},"73":{"start":{"line":149,"column":6},"end":{"line":149,"column":21}},"74":{"start":{"line":150,"column":11},"end":{"line":162,"column":5}},"75":{"start":{"line":151,"column":25},"end":{"line":151,"column":39}},"76":{"start":{"line":152,"column":6},"end":{"line":156,"column":7}},"77":{"start":{"line":153,"column":8},"end":{"line":153,"column":73}},"78":{"start":{"line":155,"column":8},"end":{"line":155,"column":26}},"79":{"start":{"line":157,"column":6},"end":{"line":157,"column":22}},"80":{"start":{"line":158,"column":11},"end":{"line":162,"column":5}},"81":{"start":{"line":159,"column":6},"end":{"line":159,"column":26}},"82":{"start":{"line":160,"column":11},"end":{"line":162,"column":5}},"83":{"start":{"line":161,"column":6},"end":{"line":161,"column":28}},"84":{"start":{"line":165,"column":28},"end":{"line":174,"column":3}},"85":{"start":{"line":166,"column":18},"end":{"line":166,"column":32}},"86":{"start":{"line":167,"column":4},"end":{"line":167,"column":34}},"87":{"start":{"line":168,"column":4},"end":{"line":168,"column":31}},"88":{"start":{"line":169,"column":4},"end":{"line":169,"column":30}},"89":{"start":{"line":170,"column":4},"end":{"line":170,"column":35}},"90":{"start":{"line":172,"column":4},"end":{"line":173,"column":77}},"91":{"start":{"line":172,"column":26},"end":{"line":172,"column":44}},"92":{"start":{"line":173,"column":9},"end":{"line":173,"column":76}},"93":{"start":{"line":176,"column":2},"end":{"line":178,"column":9}},"94":{"start":{"line":177,"column":4},"end":{"line":177,"column":21}},"95":{"start":{"line":180,"column":2},"end":{"line":288,"column":4}},"96":{"start":{"line":250,"column":18},"end":{"line":252,"column":29}}},"fnMap":{"0":{"name":"Contact","decl":{"start":{"line":14,"column":9},"end":{"line":14,"column":16}},"loc":{"start":{"line":14,"column":19},"end":{"line":289,"column":1}},"line":14},"1":{"name":"(anonymous_1)","decl":{"start":{"line":25,"column":12},"end":{"line":25,"column":13}},"loc":{"start":{"line":25,"column":18},"end":{"line":45,"column":3}},"line":25},"2":{"name":"(anonymous_2)","decl":{"start":{"line":26,"column":33},"end":{"line":26,"column":34}},"loc":{"start":{"line":26,"column":45},"end":{"line":43,"column":5}},"line":26},"3":{"name":"(anonymous_3)","decl":{"start":{"line":47,"column":12},"end":{"line":47,"column":13}},"loc":{"start":{"line":47,"column":18},"end":{"line":49,"column":3}},"line":47},"4":{"name":"(anonymous_4)","decl":{"start":{"line":51,"column":12},"end":{"line":51,"column":13}},"loc":{"start":{"line":51,"column":18},"end":{"line":54,"column":3}},"line":51},"5":{"name":"(anonymous_5)","decl":{"start":{"line":56,"column":12},"end":{"line":56,"column":13}},"loc":{"start":{"line":56,"column":18},"end":{"line":68,"column":3}},"line":56},"6":{"name":"(anonymous_6)","decl":{"start":{"line":57,"column":20},"end":{"line":57,"column":21}},"loc":{"start":{"line":57,"column":32},"end":{"line":66,"column":5}},"line":57},"7":{"name":"(anonymous_7)","decl":{"start":{"line":70,"column":25},"end":{"line":70,"column":26}},"loc":{"start":{"line":70,"column":37},"end":{"line":92,"column":3}},"line":70},"8":{"name":"(anonymous_8)","decl":{"start":{"line":71,"column":26},"end":{"line":71,"column":27}},"loc":{"start":{"line":71,"column":38},"end":{"line":90,"column":5}},"line":71},"9":{"name":"(anonymous_9)","decl":{"start":{"line":94,"column":23},"end":{"line":94,"column":24}},"loc":{"start":{"line":94,"column":36},"end":{"line":139,"column":3}},"line":94},"10":{"name":"(anonymous_10)","decl":{"start":{"line":142,"column":22},"end":{"line":142,"column":23}},"loc":{"start":{"line":142,"column":28},"end":{"line":144,"column":3}},"line":142},"11":{"name":"(anonymous_11)","decl":{"start":{"line":146,"column":28},"end":{"line":146,"column":29}},"loc":{"start":{"line":146,"column":35},"end":{"line":163,"column":3}},"line":146},"12":{"name":"(anonymous_12)","decl":{"start":{"line":165,"column":28},"end":{"line":165,"column":29}},"loc":{"start":{"line":165,"column":35},"end":{"line":174,"column":3}},"line":165},"13":{"name":"(anonymous_13)","decl":{"start":{"line":176,"column":12},"end":{"line":176,"column":13}},"loc":{"start":{"line":176,"column":18},"end":{"line":178,"column":3}},"line":176},"14":{"name":"(anonymous_14)","decl":{"start":{"line":249,"column":41},"end":{"line":249,"column":42}},"loc":{"start":{"line":250,"column":18},"end":{"line":252,"column":29}},"line":250}},"branchMap":{"0":{"loc":{"start":{"line":29,"column":6},"end":{"line":32,"column":7}},"type":"if","locations":[{"start":{"line":29,"column":6},"end":{"line":32,"column":7}},{"start":{},"end":{}}],"line":29},"1":{"loc":{"start":{"line":36,"column":8},"end":{"line":38,"column":9}},"type":"if","locations":[{"start":{"line":36,"column":8},"end":{"line":38,"column":9}},{"start":{},"end":{}}],"line":36},"2":{"loc":{"start":{"line":80,"column":10},"end":{"line":83,"column":11}},"type":"if","locations":[{"start":{"line":80,"column":10},"end":{"line":83,"column":11}},{"start":{},"end":{}}],"line":80},"3":{"loc":{"start":{"line":97,"column":4},"end":{"line":99,"column":5}},"type":"if","locations":[{"start":{"line":97,"column":4},"end":{"line":99,"column":5}},{"start":{},"end":{}}],"line":97},"4":{"loc":{"start":{"line":100,"column":4},"end":{"line":104,"column":5}},"type":"if","locations":[{"start":{"line":100,"column":4},"end":{"line":104,"column":5}},{"start":{},"end":{}}],"line":100},"5":{"loc":{"start":{"line":148,"column":4},"end":{"line":162,"column":5}},"type":"if","locations":[{"start":{"line":148,"column":4},"end":{"line":162,"column":5}},{"start":{"line":150,"column":11},"end":{"line":162,"column":5}}],"line":148},"6":{"loc":{"start":{"line":150,"column":11},"end":{"line":162,"column":5}},"type":"if","locations":[{"start":{"line":150,"column":11},"end":{"line":162,"column":5}},{"start":{"line":158,"column":11},"end":{"line":162,"column":5}}],"line":150},"7":{"loc":{"start":{"line":152,"column":6},"end":{"line":156,"column":7}},"type":"if","locations":[{"start":{"line":152,"column":6},"end":{"line":156,"column":7}},{"start":{"line":154,"column":11},"end":{"line":156,"column":7}}],"line":152},"8":{"loc":{"start":{"line":158,"column":11},"end":{"line":162,"column":5}},"type":"if","locations":[{"start":{"line":158,"column":11},"end":{"line":162,"column":5}},{"start":{"line":160,"column":11},"end":{"line":162,"column":5}}],"line":158},"9":{"loc":{"start":{"line":160,"column":11},"end":{"line":162,"column":5}},"type":"if","locations":[{"start":{"line":160,"column":11},"end":{"line":162,"column":5}},{"start":{},"end":{}}],"line":160},"10":{"loc":{"start":{"line":172,"column":4},"end":{"line":173,"column":77}},"type":"if","locations":[{"start":{"line":172,"column":4},"end":{"line":173,"column":77}},{"start":{"line":173,"column":8},"end":{"line":173,"column":77}}],"line":172},"11":{"loc":{"start":{"line":229,"column":13},"end":{"line":229,"column":123}},"type":"binary-expr","locations":[{"start":{"line":229,"column":13},"end":{"line":229,"column":23}},{"start":{"line":229,"column":28},"end":{"line":229,"column":122}}],"line":229},"12":{"loc":{"start":{"line":279,"column":13},"end":{"line":279,"column":123}},"type":"binary-expr","locations":[{"start":{"line":279,"column":13},"end":{"line":279,"column":23}},{"start":{"line":279,"column":28},"end":{"line":279,"column":122}}],"line":279}},"s":{"0":7,"1":7,"2":7,"3":7,"4":7,"5":7,"6":7,"7":7,"8":7,"9":7,"10":3,"11":3,"12":3,"13":0,"14":0,"15":3,"16":3,"17":3,"18":1,"19":0,"20":0,"21":3,"22":7,"23":3,"24":7,"25":3,"26":3,"27":7,"28":3,"29":3,"30":3,"31":3,"32":3,"33":3,"34":0,"35":3,"36":7,"37":3,"38":3,"39":3,"40":3,"41":3,"42":3,"43":3,"44":6,"45":6,"46":6,"47":3,"48":6,"49":3,"50":0,"51":3,"52":7,"53":1,"54":1,"55":1,"56":1,"57":0,"58":0,"59":0,"60":0,"61":0,"62":0,"63":0,"64":0,"65":0,"66":0,"67":7,"68":7,"69":0,"70":7,"71":1,"72":1,"73":0,"74":1,"75":1,"76":1,"77":1,"78":0,"79":1,"80":0,"81":0,"82":0,"83":0,"84":7,"85":0,"86":0,"87":0,"88":0,"89":0,"90":0,"91":0,"92":0,"93":7,"94":3,"95":7,"96":8},"f":{"0":7,"1":3,"2":3,"3":3,"4":3,"5":3,"6":3,"7":3,"8":3,"9":1,"10":0,"11":1,"12":0,"13":3,"14":8},"b":{"0":[0,3],"1":[1,2],"2":[3,3],"3":[1,0],"4":[0,0],"5":[0,1],"6":[1,0],"7":[1,0],"8":[0,0],"9":[0,0],"10":[0,0],"11":[7,1],"12":[7,0]},"_coverageSchema":"1a1c01bbd47fc00a2c39e90264f33305004495a9","hash":"54a522b6ded99cc811180e71d03ca1053b67bcff"}
,"C:\\jonatan\\REACT\\manageProject\\BS-PMC-2024-Team8\\frontend\\vls\\src\\pages\\Admin\\Customers.jsx": {"path":"C:\\jonatan\\REACT\\manageProject\\BS-PMC-2024-Team8\\frontend\\vls\\src\\pages\\Admin\\Customers.jsx","statementMap":{"0":{"start":{"line":36,"column":19},"end":{"line":36,"column":32}},"1":{"start":{"line":37,"column":28},"end":{"line":37,"column":40}},"2":{"start":{"line":38,"column":36},"end":{"line":38,"column":51}},"3":{"start":{"line":39,"column":42},"end":{"line":39,"column":56}},"4":{"start":{"line":41,"column":2},"end":{"line":64,"column":17}},"5":{"start":{"line":42,"column":33},"end":{"line":62,"column":5}},"6":{"start":{"line":43,"column":20},"end":{"line":43,"column":40}},"7":{"start":{"line":45,"column":6},"end":{"line":48,"column":7}},"8":{"start":{"line":46,"column":8},"end":{"line":46,"column":41}},"9":{"start":{"line":47,"column":8},"end":{"line":47,"column":15}},"10":{"start":{"line":49,"column":6},"end":{"line":61,"column":7}},"11":{"start":{"line":50,"column":25},"end":{"line":53,"column":9}},"12":{"start":{"line":55,"column":8},"end":{"line":57,"column":9}},"13":{"start":{"line":56,"column":10},"end":{"line":56,"column":43}},"14":{"start":{"line":59,"column":8},"end":{"line":59,"column":65}},"15":{"start":{"line":60,"column":8},"end":{"line":60,"column":41}},"16":{"start":{"line":63,"column":4},"end":{"line":63,"column":27}},"17":{"start":{"line":66,"column":2},"end":{"line":76,"column":9}},"18":{"start":{"line":67,"column":23},"end":{"line":74,"column":5}},"19":{"start":{"line":68,"column":6},"end":{"line":73,"column":7}},"20":{"start":{"line":69,"column":25},"end":{"line":69,"column":74}},"21":{"start":{"line":70,"column":8},"end":{"line":70,"column":38}},"22":{"start":{"line":72,"column":8},"end":{"line":72,"column":54}},"23":{"start":{"line":75,"column":4},"end":{"line":75,"column":17}},"24":{"start":{"line":78,"column":52},"end":{"line":78,"column":67}},"25":{"start":{"line":80,"column":22},"end":{"line":82,"column":3}},"26":{"start":{"line":81,"column":4},"end":{"line":81,"column":45}},"27":{"start":{"line":83,"column":23},"end":{"line":185,"column":3}},"28":{"start":{"line":84,"column":4},"end":{"line":184,"column":7}},"29":{"start":{"line":86,"column":8},"end":{"line":181,"column":10}},"30":{"start":{"line":93,"column":18},"end":{"line":140,"column":19}},"31":{"start":{"line":94,"column":37},"end":{"line":94,"column":114}},"32":{"start":{"line":95,"column":20},"end":{"line":124,"column":21}},"33":{"start":{"line":96,"column":22},"end":{"line":96,"column":77}},"34":{"start":{"line":96,"column":54},"end":{"line":96,"column":74}},"35":{"start":{"line":98,"column":22},"end":{"line":110,"column":28}},"36":{"start":{"line":99,"column":24},"end":{"line":109,"column":27}},"37":{"start":{"line":113,"column":22},"end":{"line":123,"column":25}},"38":{"start":{"line":126,"column":20},"end":{"line":126,"column":69}},"39":{"start":{"line":127,"column":20},"end":{"line":137,"column":23}},"40":{"start":{"line":139,"column":20},"end":{"line":139,"column":30}},"41":{"start":{"line":155,"column":18},"end":{"line":165,"column":21}},"42":{"start":{"line":166,"column":18},"end":{"line":166,"column":28}},"43":{"start":{"line":187,"column":21},"end":{"line":189,"column":3}},"44":{"start":{"line":188,"column":4},"end":{"line":188,"column":51}},"45":{"start":{"line":191,"column":27},"end":{"line":193,"column":3}},"46":{"start":{"line":192,"column":4},"end":{"line":192,"column":24}},"47":{"start":{"line":195,"column":25},"end":{"line":199,"column":3}},"48":{"start":{"line":196,"column":4},"end":{"line":198,"column":6}},"49":{"start":{"line":197,"column":27},"end":{"line":197,"column":76}},"50":{"start":{"line":201,"column":2},"end":{"line":260,"column":4}},"51":{"start":{"line":226,"column":16},"end":{"line":246,"column":21}},"52":{"start":{"line":235,"column":37},"end":{"line":235,"column":53}},"53":{"start":{"line":241,"column":37},"end":{"line":241,"column":61}}},"fnMap":{"0":{"name":"CUSTOMERS","decl":{"start":{"line":35,"column":9},"end":{"line":35,"column":18}},"loc":{"start":{"line":35,"column":21},"end":{"line":261,"column":1}},"line":35},"1":{"name":"(anonymous_1)","decl":{"start":{"line":41,"column":12},"end":{"line":41,"column":13}},"loc":{"start":{"line":41,"column":18},"end":{"line":64,"column":3}},"line":41},"2":{"name":"(anonymous_2)","decl":{"start":{"line":42,"column":33},"end":{"line":42,"column":34}},"loc":{"start":{"line":42,"column":45},"end":{"line":62,"column":5}},"line":42},"3":{"name":"(anonymous_3)","decl":{"start":{"line":66,"column":12},"end":{"line":66,"column":13}},"loc":{"start":{"line":66,"column":18},"end":{"line":76,"column":3}},"line":66},"4":{"name":"(anonymous_4)","decl":{"start":{"line":67,"column":23},"end":{"line":67,"column":24}},"loc":{"start":{"line":67,"column":35},"end":{"line":74,"column":5}},"line":67},"5":{"name":"(anonymous_5)","decl":{"start":{"line":80,"column":22},"end":{"line":80,"column":23}},"loc":{"start":{"line":80,"column":28},"end":{"line":82,"column":3}},"line":80},"6":{"name":"(anonymous_6)","decl":{"start":{"line":83,"column":23},"end":{"line":83,"column":24}},"loc":{"start":{"line":83,"column":40},"end":{"line":185,"column":3}},"line":83},"7":{"name":"(anonymous_7)","decl":{"start":{"line":85,"column":16},"end":{"line":85,"column":17}},"loc":{"start":{"line":85,"column":33},"end":{"line":182,"column":7}},"line":85},"8":{"name":"(anonymous_8)","decl":{"start":{"line":92,"column":25},"end":{"line":92,"column":26}},"loc":{"start":{"line":92,"column":37},"end":{"line":141,"column":17}},"line":92},"9":{"name":"(anonymous_9)","decl":{"start":{"line":96,"column":44},"end":{"line":96,"column":45}},"loc":{"start":{"line":96,"column":54},"end":{"line":96,"column":74}},"line":96},"10":{"name":"(anonymous_10)","decl":{"start":{"line":98,"column":33},"end":{"line":98,"column":34}},"loc":{"start":{"line":98,"column":39},"end":{"line":110,"column":23}},"line":98},"11":{"name":"(anonymous_11)","decl":{"start":{"line":154,"column":25},"end":{"line":154,"column":26}},"loc":{"start":{"line":154,"column":31},"end":{"line":167,"column":17}},"line":154},"12":{"name":"(anonymous_12)","decl":{"start":{"line":187,"column":21},"end":{"line":187,"column":22}},"loc":{"start":{"line":187,"column":31},"end":{"line":189,"column":3}},"line":187},"13":{"name":"(anonymous_13)","decl":{"start":{"line":191,"column":27},"end":{"line":191,"column":28}},"loc":{"start":{"line":191,"column":33},"end":{"line":193,"column":3}},"line":191},"14":{"name":"(anonymous_14)","decl":{"start":{"line":195,"column":25},"end":{"line":195,"column":26}},"loc":{"start":{"line":195,"column":42},"end":{"line":199,"column":3}},"line":195},"15":{"name":"(anonymous_15)","decl":{"start":{"line":197,"column":16},"end":{"line":197,"column":17}},"loc":{"start":{"line":197,"column":27},"end":{"line":197,"column":76}},"line":197},"16":{"name":"(anonymous_16)","decl":{"start":{"line":225,"column":25},"end":{"line":225,"column":26}},"loc":{"start":{"line":226,"column":16},"end":{"line":246,"column":21}},"line":226},"17":{"name":"(anonymous_17)","decl":{"start":{"line":235,"column":31},"end":{"line":235,"column":32}},"loc":{"start":{"line":235,"column":37},"end":{"line":235,"column":53}},"line":235},"18":{"name":"(anonymous_18)","decl":{"start":{"line":241,"column":31},"end":{"line":241,"column":32}},"loc":{"start":{"line":241,"column":37},"end":{"line":241,"column":61}},"line":241}},"branchMap":{"0":{"loc":{"start":{"line":45,"column":6},"end":{"line":48,"column":7}},"type":"if","locations":[{"start":{"line":45,"column":6},"end":{"line":48,"column":7}},{"start":{},"end":{}}],"line":45},"1":{"loc":{"start":{"line":55,"column":8},"end":{"line":57,"column":9}},"type":"if","locations":[{"start":{"line":55,"column":8},"end":{"line":57,"column":9}},{"start":{},"end":{}}],"line":55},"2":{"loc":{"start":{"line":95,"column":20},"end":{"line":124,"column":21}},"type":"if","locations":[{"start":{"line":95,"column":20},"end":{"line":124,"column":21}},{"start":{"line":112,"column":27},"end":{"line":124,"column":21}}],"line":95},"3":{"loc":{"start":{"line":197,"column":27},"end":{"line":197,"column":76}},"type":"cond-expr","locations":[{"start":{"line":197,"column":58},"end":{"line":197,"column":69}},{"start":{"line":197,"column":72},"end":{"line":197,"column":76}}],"line":197},"4":{"loc":{"start":{"line":252,"column":7},"end":{"line":258,"column":7}},"type":"binary-expr","locations":[{"start":{"line":252,"column":7},"end":{"line":252,"column":16}},{"start":{"line":253,"column":8},"end":{"line":257,"column":10}}],"line":252}},"s":{"0":5,"1":5,"2":5,"3":5,"4":5,"5":3,"6":3,"7":3,"8":1,"9":1,"10":2,"11":2,"12":2,"13":0,"14":0,"15":0,"16":3,"17":5,"18":3,"19":3,"20":3,"21":2,"22":1,"23":3,"24":5,"25":5,"26":0,"27":5,"28":1,"29":1,"30":1,"31":1,"32":0,"33":0,"34":0,"35":0,"36":0,"37":0,"38":1,"39":1,"40":1,"41":0,"42":0,"43":5,"44":0,"45":5,"46":0,"47":5,"48":0,"49":0,"50":5,"51":4,"52":0,"53":1},"f":{"0":5,"1":3,"2":3,"3":3,"4":3,"5":0,"6":1,"7":1,"8":1,"9":0,"10":0,"11":0,"12":0,"13":0,"14":0,"15":0,"16":4,"17":0,"18":1},"b":{"0":[1,2],"1":[0,2],"2":[0,0],"3":[0,0],"4":[5,0]},"_coverageSchema":"1a1c01bbd47fc00a2c39e90264f33305004495a9","hash":"9798c40df781376b83060435b65dec47b4c7a69a"}
,"C:\\jonatan\\REACT\\manageProject\\BS-PMC-2024-Team8\\frontend\\vls\\src\\pages\\Admin\\EditCustomer.jsx": {"path":"C:\\jonatan\\REACT\\manageProject\\BS-PMC-2024-Team8\\frontend\\vls\\src\\pages\\Admin\\EditCustomer.jsx","statementMap":{"0":{"start":{"line":13,"column":21},"end":{"line":184,"column":1}},"1":{"start":{"line":14,"column":19},"end":{"line":14,"column":32}},"2":{"start":{"line":15,"column":19},"end":{"line":15,"column":32}},"3":{"start":{"line":16,"column":19},"end":{"line":16,"column":33}},"4":{"start":{"line":17,"column":38},"end":{"line":17,"column":59}},"5":{"start":{"line":18,"column":52},"end":{"line":18,"column":67}},"6":{"start":{"line":19,"column":2},"end":{"line":42,"column":17}},"7":{"start":{"line":20,"column":33},"end":{"line":40,"column":5}},"8":{"start":{"line":21,"column":20},"end":{"line":21,"column":40}},"9":{"start":{"line":23,"column":6},"end":{"line":26,"column":7}},"10":{"start":{"line":24,"column":8},"end":{"line":24,"column":41}},"11":{"start":{"line":25,"column":8},"end":{"line":25,"column":15}},"12":{"start":{"line":27,"column":6},"end":{"line":39,"column":7}},"13":{"start":{"line":28,"column":25},"end":{"line":31,"column":9}},"14":{"start":{"line":33,"column":8},"end":{"line":35,"column":9}},"15":{"start":{"line":34,"column":10},"end":{"line":34,"column":43}},"16":{"start":{"line":37,"column":8},"end":{"line":37,"column":65}},"17":{"start":{"line":38,"column":8},"end":{"line":38,"column":41}},"18":{"start":{"line":41,"column":4},"end":{"line":41,"column":27}},"19":{"start":{"line":43,"column":2},"end":{"line":46,"column":13}},"20":{"start":{"line":44,"column":4},"end":{"line":44,"column":37}},"21":{"start":{"line":45,"column":4},"end":{"line":45,"column":31}},"22":{"start":{"line":48,"column":22},"end":{"line":50,"column":3}},"23":{"start":{"line":49,"column":4},"end":{"line":49,"column":45}},"24":{"start":{"line":53,"column":23},"end":{"line":56,"column":3}},"25":{"start":{"line":54,"column":28},"end":{"line":54,"column":36}},"26":{"start":{"line":55,"column":4},"end":{"line":55,"column":52}},"27":{"start":{"line":58,"column":21},"end":{"line":98,"column":3}},"28":{"start":{"line":59,"column":4},"end":{"line":97,"column":5}},"29":{"start":{"line":60,"column":23},"end":{"line":63,"column":7}},"30":{"start":{"line":64,"column":6},"end":{"line":94,"column":7}},"31":{"start":{"line":65,"column":8},"end":{"line":81,"column":9}},"32":{"start":{"line":66,"column":10},"end":{"line":76,"column":13}},"33":{"start":{"line":78,"column":10},"end":{"line":80,"column":19}},"34":{"start":{"line":79,"column":12},"end":{"line":79,"column":40}},"35":{"start":{"line":83,"column":8},"end":{"line":93,"column":11}},"36":{"start":{"line":96,"column":6},"end":{"line":96,"column":51}},"37":{"start":{"line":100,"column":23},"end":{"line":102,"column":3}},"38":{"start":{"line":101,"column":4},"end":{"line":101,"column":32}},"39":{"start":{"line":104,"column":2},"end":{"line":183,"column":4}}},"fnMap":{"0":{"name":"(anonymous_0)","decl":{"start":{"line":13,"column":21},"end":{"line":13,"column":22}},"loc":{"start":{"line":13,"column":27},"end":{"line":184,"column":1}},"line":13},"1":{"name":"(anonymous_1)","decl":{"start":{"line":19,"column":12},"end":{"line":19,"column":13}},"loc":{"start":{"line":19,"column":18},"end":{"line":42,"column":3}},"line":19},"2":{"name":"(anonymous_2)","decl":{"start":{"line":20,"column":33},"end":{"line":20,"column":34}},"loc":{"start":{"line":20,"column":45},"end":{"line":40,"column":5}},"line":20},"3":{"name":"(anonymous_3)","decl":{"start":{"line":43,"column":12},"end":{"line":43,"column":13}},"loc":{"start":{"line":43,"column":18},"end":{"line":46,"column":3}},"line":43},"4":{"name":"(anonymous_4)","decl":{"start":{"line":48,"column":22},"end":{"line":48,"column":23}},"loc":{"start":{"line":48,"column":28},"end":{"line":50,"column":3}},"line":48},"5":{"name":"(anonymous_5)","decl":{"start":{"line":53,"column":23},"end":{"line":53,"column":24}},"loc":{"start":{"line":53,"column":30},"end":{"line":56,"column":3}},"line":53},"6":{"name":"(anonymous_6)","decl":{"start":{"line":58,"column":21},"end":{"line":58,"column":22}},"loc":{"start":{"line":58,"column":33},"end":{"line":98,"column":3}},"line":58},"7":{"name":"(anonymous_7)","decl":{"start":{"line":78,"column":21},"end":{"line":78,"column":22}},"loc":{"start":{"line":78,"column":27},"end":{"line":80,"column":11}},"line":78},"8":{"name":"(anonymous_8)","decl":{"start":{"line":100,"column":23},"end":{"line":100,"column":24}},"loc":{"start":{"line":100,"column":29},"end":{"line":102,"column":3}},"line":100}},"branchMap":{"0":{"loc":{"start":{"line":23,"column":6},"end":{"line":26,"column":7}},"type":"if","locations":[{"start":{"line":23,"column":6},"end":{"line":26,"column":7}},{"start":{},"end":{}}],"line":23},"1":{"loc":{"start":{"line":33,"column":8},"end":{"line":35,"column":9}},"type":"if","locations":[{"start":{"line":33,"column":8},"end":{"line":35,"column":9}},{"start":{},"end":{}}],"line":33},"2":{"loc":{"start":{"line":64,"column":6},"end":{"line":94,"column":7}},"type":"if","locations":[{"start":{"line":64,"column":6},"end":{"line":94,"column":7}},{"start":{"line":82,"column":12},"end":{"line":94,"column":7}}],"line":64},"3":{"loc":{"start":{"line":65,"column":8},"end":{"line":81,"column":9}},"type":"if","locations":[{"start":{"line":65,"column":8},"end":{"line":81,"column":9}},{"start":{},"end":{}}],"line":65}},"s":{"0":3,"1":8,"2":8,"3":8,"4":8,"5":7,"6":7,"7":3,"8":3,"9":3,"10":3,"11":3,"12":0,"13":0,"14":0,"15":0,"16":0,"17":0,"18":3,"19":7,"20":3,"21":3,"22":7,"23":0,"24":7,"25":1,"26":1,"27":7,"28":1,"29":1,"30":1,"31":1,"32":1,"33":1,"34":1,"35":0,"36":0,"37":7,"38":0,"39":7},"f":{"0":8,"1":3,"2":3,"3":3,"4":0,"5":1,"6":1,"7":1,"8":0},"b":{"0":[3,0],"1":[0,0],"2":[1,0],"3":[1,0]},"_coverageSchema":"1a1c01bbd47fc00a2c39e90264f33305004495a9","hash":"6ad9beedcafc8ae85396a3d72441bb820c188dc5"}
,"C:\\jonatan\\REACT\\manageProject\\BS-PMC-2024-Team8\\frontend\\vls\\src\\pages\\Admin\\EditProceses.jsx": {"path":"C:\\jonatan\\REACT\\manageProject\\BS-PMC-2024-Team8\\frontend\\vls\\src\\pages\\Admin\\EditProceses.jsx","statementMap":{"0":{"start":{"line":10,"column":21},"end":{"line":281,"column":1}},"1":{"start":{"line":11,"column":19},"end":{"line":11,"column":32}},"2":{"start":{"line":12,"column":19},"end":{"line":12,"column":32}},"3":{"start":{"line":13,"column":22},"end":{"line":13,"column":42}},"4":{"start":{"line":14,"column":46},"end":{"line":14,"column":70}},"5":{"start":{"line":15,"column":52},"end":{"line":15,"column":67}},"6":{"start":{"line":16,"column":30},"end":{"line":16,"column":42}},"7":{"start":{"line":18,"column":2},"end":{"line":22,"column":16}},"8":{"start":{"line":19,"column":4},"end":{"line":21,"column":5}},"9":{"start":{"line":20,"column":6},"end":{"line":20,"column":40}},"10":{"start":{"line":24,"column":22},"end":{"line":26,"column":3}},"11":{"start":{"line":25,"column":4},"end":{"line":25,"column":45}},"12":{"start":{"line":28,"column":23},"end":{"line":31,"column":3}},"13":{"start":{"line":29,"column":28},"end":{"line":29,"column":36}},"14":{"start":{"line":30,"column":4},"end":{"line":30,"column":60}},"15":{"start":{"line":33,"column":23},"end":{"line":61,"column":3}},"16":{"start":{"line":34,"column":24},"end":{"line":34,"column":53}},"17":{"start":{"line":35,"column":4},"end":{"line":37,"column":5}},"18":{"start":{"line":36,"column":6},"end":{"line":36,"column":19}},"19":{"start":{"line":39,"column":34},"end":{"line":39,"column":57}},"20":{"start":{"line":40,"column":19},"end":{"line":40,"column":36}},"21":{"start":{"line":41,"column":21},"end":{"line":41,"column":40}},"22":{"start":{"line":42,"column":20},"end":{"line":42,"column":38}},"23":{"start":{"line":44,"column":4},"end":{"line":46,"column":5}},"24":{"start":{"line":45,"column":6},"end":{"line":45,"column":19}},"25":{"start":{"line":48,"column":4},"end":{"line":50,"column":5}},"26":{"start":{"line":49,"column":6},"end":{"line":49,"column":19}},"27":{"start":{"line":52,"column":4},"end":{"line":58,"column":5}},"28":{"start":{"line":54,"column":8},"end":{"line":54,"column":73}},"29":{"start":{"line":55,"column":6},"end":{"line":57,"column":7}},"30":{"start":{"line":56,"column":8},"end":{"line":56,"column":21}},"31":{"start":{"line":60,"column":4},"end":{"line":60,"column":16}},"32":{"start":{"line":63,"column":23},"end":{"line":86,"column":3}},"33":{"start":{"line":65,"column":6},"end":{"line":65,"column":20}},"34":{"start":{"line":66,"column":19},"end":{"line":66,"column":21}},"35":{"start":{"line":68,"column":4},"end":{"line":68,"column":59}},"36":{"start":{"line":68,"column":16},"end":{"line":68,"column":59}},"37":{"start":{"line":69,"column":4},"end":{"line":70,"column":64}},"38":{"start":{"line":70,"column":6},"end":{"line":70,"column":64}},"39":{"start":{"line":71,"column":4},"end":{"line":72,"column":66}},"40":{"start":{"line":72,"column":6},"end":{"line":72,"column":66}},"41":{"start":{"line":73,"column":4},"end":{"line":74,"column":66}},"42":{"start":{"line":74,"column":6},"end":{"line":74,"column":66}},"43":{"start":{"line":75,"column":4},"end":{"line":75,"column":55}},"44":{"start":{"line":75,"column":17},"end":{"line":75,"column":55}},"45":{"start":{"line":76,"column":4},"end":{"line":76,"column":55}},"46":{"start":{"line":76,"column":17},"end":{"line":76,"column":55}},"47":{"start":{"line":78,"column":4},"end":{"line":83,"column":5}},"48":{"start":{"line":79,"column":6},"end":{"line":79,"column":40}},"49":{"start":{"line":80,"column":11},"end":{"line":83,"column":5}},"50":{"start":{"line":81,"column":6},"end":{"line":82,"column":83}},"51":{"start":{"line":85,"column":4},"end":{"line":85,"column":18}},"52":{"start":{"line":88,"column":21},"end":{"line":142,"column":3}},"53":{"start":{"line":89,"column":29},"end":{"line":89,"column":43}},"54":{"start":{"line":90,"column":4},"end":{"line":93,"column":5}},"55":{"start":{"line":91,"column":6},"end":{"line":91,"column":34}},"56":{"start":{"line":92,"column":6},"end":{"line":92,"column":13}},"57":{"start":{"line":95,"column":4},"end":{"line":141,"column":5}},"58":{"start":{"line":96,"column":6},"end":{"line":96,"column":38}},"59":{"start":{"line":97,"column":23},"end":{"line":100,"column":7}},"60":{"start":{"line":101,"column":6},"end":{"line":128,"column":7}},"61":{"start":{"line":102,"column":9},"end":{"line":112,"column":11}},"62":{"start":{"line":113,"column":8},"end":{"line":115,"column":17}},"63":{"start":{"line":114,"column":10},"end":{"line":114,"column":36}},"64":{"start":{"line":117,"column":8},"end":{"line":127,"column":11}},"65":{"start":{"line":130,"column":6},"end":{"line":140,"column":9}},"66":{"start":{"line":144,"column":23},"end":{"line":146,"column":3}},"67":{"start":{"line":145,"column":4},"end":{"line":145,"column":30}},"68":{"start":{"line":148,"column":2},"end":{"line":150,"column":3}},"69":{"start":{"line":149,"column":4},"end":{"line":149,"column":44}},"70":{"start":{"line":152,"column":2},"end":{"line":280,"column":4}}},"fnMap":{"0":{"name":"(anonymous_0)","decl":{"start":{"line":10,"column":21},"end":{"line":10,"column":22}},"loc":{"start":{"line":10,"column":27},"end":{"line":281,"column":1}},"line":10},"1":{"name":"(anonymous_1)","decl":{"start":{"line":18,"column":12},"end":{"line":18,"column":13}},"loc":{"start":{"line":18,"column":18},"end":{"line":22,"column":3}},"line":18},"2":{"name":"(anonymous_2)","decl":{"start":{"line":24,"column":22},"end":{"line":24,"column":23}},"loc":{"start":{"line":24,"column":28},"end":{"line":26,"column":3}},"line":24},"3":{"name":"(anonymous_3)","decl":{"start":{"line":28,"column":23},"end":{"line":28,"column":24}},"loc":{"start":{"line":28,"column":30},"end":{"line":31,"column":3}},"line":28},"4":{"name":"(anonymous_4)","decl":{"start":{"line":33,"column":23},"end":{"line":33,"column":24}},"loc":{"start":{"line":33,"column":33},"end":{"line":61,"column":3}},"line":33},"5":{"name":"(anonymous_5)","decl":{"start":{"line":63,"column":23},"end":{"line":63,"column":24}},"loc":{"start":{"line":63,"column":29},"end":{"line":86,"column":3}},"line":63},"6":{"name":"(anonymous_6)","decl":{"start":{"line":88,"column":21},"end":{"line":88,"column":22}},"loc":{"start":{"line":88,"column":33},"end":{"line":142,"column":3}},"line":88},"7":{"name":"(anonymous_7)","decl":{"start":{"line":113,"column":19},"end":{"line":113,"column":20}},"loc":{"start":{"line":113,"column":25},"end":{"line":115,"column":9}},"line":113},"8":{"name":"(anonymous_8)","decl":{"start":{"line":144,"column":23},"end":{"line":144,"column":24}},"loc":{"start":{"line":144,"column":29},"end":{"line":146,"column":3}},"line":144}},"branchMap":{"0":{"loc":{"start":{"line":13,"column":22},"end":{"line":13,"column":42}},"type":"binary-expr","locations":[{"start":{"line":13,"column":22},"end":{"line":13,"column":36}},{"start":{"line":13,"column":40},"end":{"line":13,"column":42}}],"line":13},"1":{"loc":{"start":{"line":19,"column":4},"end":{"line":21,"column":5}},"type":"if","locations":[{"start":{"line":19,"column":4},"end":{"line":21,"column":5}},{"start":{},"end":{}}],"line":19},"2":{"loc":{"start":{"line":35,"column":4},"end":{"line":37,"column":5}},"type":"if","locations":[{"start":{"line":35,"column":4},"end":{"line":37,"column":5}},{"start":{},"end":{}}],"line":35},"3":{"loc":{"start":{"line":44,"column":4},"end":{"line":46,"column":5}},"type":"if","locations":[{"start":{"line":44,"column":4},"end":{"line":46,"column":5}},{"start":{},"end":{}}],"line":44},"4":{"loc":{"start":{"line":44,"column":8},"end":{"line":44,"column":66}},"type":"binary-expr","locations":[{"start":{"line":44,"column":8},"end":{"line":44,"column":18}},{"start":{"line":44,"column":22},"end":{"line":44,"column":33}},{"start":{"line":44,"column":37},"end":{"line":44,"column":49}},{"start":{"line":44,"column":53},"end":{"line":44,"column":66}}],"line":44},"5":{"loc":{"start":{"line":48,"column":4},"end":{"line":50,"column":5}},"type":"if","locations":[{"start":{"line":48,"column":4},"end":{"line":50,"column":5}},{"start":{},"end":{}}],"line":48},"6":{"loc":{"start":{"line":48,"column":8},"end":{"line":48,"column":55}},"type":"binary-expr","locations":[{"start":{"line":48,"column":8},"end":{"line":48,"column":40}},{"start":{"line":48,"column":44},"end":{"line":48,"column":55}}],"line":48},"7":{"loc":{"start":{"line":52,"column":4},"end":{"line":58,"column":5}},"type":"if","locations":[{"start":{"line":52,"column":4},"end":{"line":58,"column":5}},{"start":{},"end":{}}],"line":52},"8":{"loc":{"start":{"line":54,"column":8},"end":{"line":54,"column":73}},"type":"binary-expr","locations":[{"start":{"line":54,"column":9},"end":{"line":54,"column":26}},{"start":{"line":54,"column":30},"end":{"line":54,"column":49}},{"start":{"line":54,"column":54},"end":{"line":54,"column":73}}],"line":54},"9":{"loc":{"start":{"line":55,"column":6},"end":{"line":57,"column":7}},"type":"if","locations":[{"start":{"line":55,"column":6},"end":{"line":57,"column":7}},{"start":{},"end":{}}],"line":55},"10":{"loc":{"start":{"line":55,"column":20},"end":{"line":55,"column":40}},"type":"cond-expr","locations":[{"start":{"line":55,"column":33},"end":{"line":55,"column":35}},{"start":{"line":55,"column":38},"end":{"line":55,"column":40}}],"line":55},"11":{"loc":{"start":{"line":68,"column":4},"end":{"line":68,"column":59}},"type":"if","locations":[{"start":{"line":68,"column":4},"end":{"line":68,"column":59}},{"start":{},"end":{}}],"line":68},"12":{"loc":{"start":{"line":69,"column":4},"end":{"line":70,"column":64}},"type":"if","locations":[{"start":{"line":69,"column":4},"end":{"line":70,"column":64}},{"start":{},"end":{}}],"line":69},"13":{"loc":{"start":{"line":69,"column":8},"end":{"line":69,"column":32}},"type":"binary-expr","locations":[{"start":{"line":69,"column":8},"end":{"line":69,"column":15}},{"start":{"line":69,"column":19},"end":{"line":69,"column":32}}],"line":69},"14":{"loc":{"start":{"line":71,"column":4},"end":{"line":72,"column":66}},"type":"if","locations":[{"start":{"line":71,"column":4},"end":{"line":72,"column":66}},{"start":{},"end":{}}],"line":71},"15":{"loc":{"start":{"line":71,"column":8},"end":{"line":71,"column":34}},"type":"binary-expr","locations":[{"start":{"line":71,"column":8},"end":{"line":71,"column":16}},{"start":{"line":71,"column":20},"end":{"line":71,"column":34}}],"line":71},"16":{"loc":{"start":{"line":73,"column":4},"end":{"line":74,"column":66}},"type":"if","locations":[{"start":{"line":73,"column":4},"end":{"line":74,"column":66}},{"start":{},"end":{}}],"line":73},"17":{"loc":{"start":{"line":73,"column":8},"end":{"line":73,"column":34}},"type":"binary-expr","locations":[{"start":{"line":73,"column":8},"end":{"line":73,"column":16}},{"start":{"line":73,"column":20},"end":{"line":73,"column":34}}],"line":73},"18":{"loc":{"start":{"line":75,"column":4},"end":{"line":75,"column":55}},"type":"if","locations":[{"start":{"line":75,"column":4},"end":{"line":75,"column":55}},{"start":{},"end":{}}],"line":75},"19":{"loc":{"start":{"line":76,"column":4},"end":{"line":76,"column":55}},"type":"if","locations":[{"start":{"line":76,"column":4},"end":{"line":76,"column":55}},{"start":{},"end":{}}],"line":76},"20":{"loc":{"start":{"line":78,"column":4},"end":{"line":83,"column":5}},"type":"if","locations":[{"start":{"line":78,"column":4},"end":{"line":83,"column":5}},{"start":{"line":80,"column":11},"end":{"line":83,"column":5}}],"line":78},"21":{"loc":{"start":{"line":80,"column":11},"end":{"line":83,"column":5}},"type":"if","locations":[{"start":{"line":80,"column":11},"end":{"line":83,"column":5}},{"start":{},"end":{}}],"line":80},"22":{"loc":{"start":{"line":90,"column":4},"end":{"line":93,"column":5}},"type":"if","locations":[{"start":{"line":90,"column":4},"end":{"line":93,"column":5}},{"start":{},"end":{}}],"line":90},"23":{"loc":{"start":{"line":101,"column":6},"end":{"line":128,"column":7}},"type":"if","locations":[{"start":{"line":101,"column":6},"end":{"line":128,"column":7}},{"start":{"line":116,"column":13},"end":{"line":128,"column":7}}],"line":101},"24":{"loc":{"start":{"line":148,"column":2},"end":{"line":150,"column":3}},"type":"if","locations":[{"start":{"line":148,"column":2},"end":{"line":150,"column":3}},{"start":{},"end":{}}],"line":148},"25":{"loc":{"start":{"line":174,"column":17},"end":{"line":174,"column":123}},"type":"binary-expr","locations":[{"start":{"line":174,"column":17},"end":{"line":174,"column":29}},{"start":{"line":174,"column":33},"end":{"line":174,"column":123}}],"line":174},"26":{"loc":{"start":{"line":185,"column":17},"end":{"line":185,"column":125}},"type":"binary-expr","locations":[{"start":{"line":185,"column":17},"end":{"line":185,"column":30}},{"start":{"line":185,"column":34},"end":{"line":185,"column":125}}],"line":185},"27":{"loc":{"start":{"line":196,"column":17},"end":{"line":196,"column":127}},"type":"binary-expr","locations":[{"start":{"line":196,"column":17},"end":{"line":196,"column":31}},{"start":{"line":196,"column":35},"end":{"line":196,"column":127}}],"line":196},"28":{"loc":{"start":{"line":207,"column":17},"end":{"line":207,"column":127}},"type":"binary-expr","locations":[{"start":{"line":207,"column":17},"end":{"line":207,"column":31}},{"start":{"line":207,"column":35},"end":{"line":207,"column":127}}],"line":207},"29":{"loc":{"start":{"line":218,"column":17},"end":{"line":218,"column":125}},"type":"binary-expr","locations":[{"start":{"line":218,"column":17},"end":{"line":218,"column":30}},{"start":{"line":218,"column":34},"end":{"line":218,"column":125}}],"line":218},"30":{"loc":{"start":{"line":229,"column":17},"end":{"line":229,"column":121}},"type":"binary-expr","locations":[{"start":{"line":229,"column":17},"end":{"line":229,"column":28}},{"start":{"line":229,"column":32},"end":{"line":229,"column":121}}],"line":229},"31":{"loc":{"start":{"line":240,"column":17},"end":{"line":240,"column":125}},"type":"binary-expr","locations":[{"start":{"line":240,"column":17},"end":{"line":240,"column":30}},{"start":{"line":240,"column":34},"end":{"line":240,"column":125}}],"line":240}},"s":{"0":3,"1":5,"2":5,"3":5,"4":5,"5":5,"6":5,"7":5,"8":3,"9":2,"10":5,"11":0,"12":5,"13":0,"14":0,"15":5,"16":2,"17":2,"18":0,"19":2,"20":2,"21":2,"22":2,"23":2,"24":0,"25":2,"26":0,"27":2,"28":0,"29":0,"30":0,"31":2,"32":5,"33":2,"34":2,"35":2,"36":0,"37":2,"38":0,"39":2,"40":0,"41":2,"42":0,"43":2,"44":0,"45":2,"46":0,"47":2,"48":0,"49":2,"50":0,"51":2,"52":5,"53":2,"54":2,"55":0,"56":0,"57":2,"58":2,"59":2,"60":1,"61":1,"62":1,"63":1,"64":0,"65":1,"66":5,"67":0,"68":5,"69":1,"70":4},"f":{"0":5,"1":3,"2":0,"3":0,"4":2,"5":2,"6":2,"7":1,"8":0},"b":{"0":[5,0],"1":[2,1],"2":[0,2],"3":[0,2],"4":[2,2,2,2],"5":[0,2],"6":[2,0],"7":[0,2],"8":[0,0,0],"9":[0,0],"10":[0,0],"11":[0,2],"12":[0,2],"13":[2,2],"14":[0,2],"15":[2,2],"16":[0,2],"17":[2,2],"18":[0,2],"19":[0,2],"20":[0,2],"21":[0,2],"22":[0,2],"23":[1,0],"24":[1,4],"25":[4,0],"26":[4,0],"27":[4,0],"28":[4,0],"29":[4,0],"30":[4,0],"31":[4,0]},"_coverageSchema":"1a1c01bbd47fc00a2c39e90264f33305004495a9","hash":"5b8c2affd915f790e835ef9d7bea18e107fda171"}
,"C:\\jonatan\\REACT\\manageProject\\BS-PMC-2024-Team8\\frontend\\vls\\src\\pages\\Admin\\Home.jsx": {"path":"C:\\jonatan\\REACT\\manageProject\\BS-PMC-2024-Team8\\frontend\\vls\\src\\pages\\Admin\\Home.jsx","statementMap":{"0":{"start":{"line":29,"column":19},"end":{"line":29,"column":32}},"1":{"start":{"line":30,"column":40},"end":{"line":30,"column":51}},"2":{"start":{"line":31,"column":50},"end":{"line":31,"column":61}},"3":{"start":{"line":32,"column":50},"end":{"line":32,"column":61}},"4":{"start":{"line":33,"column":46},"end":{"line":33,"column":57}},"5":{"start":{"line":34,"column":36},"end":{"line":34,"column":48}},"6":{"start":{"line":35,"column":60},"end":{"line":35,"column":72}},"7":{"start":{"line":37,"column":2},"end":{"line":60,"column":17}},"8":{"start":{"line":38,"column":33},"end":{"line":58,"column":5}},"9":{"start":{"line":39,"column":20},"end":{"line":39,"column":40}},"10":{"start":{"line":41,"column":6},"end":{"line":44,"column":7}},"11":{"start":{"line":42,"column":8},"end":{"line":42,"column":41}},"12":{"start":{"line":43,"column":8},"end":{"line":43,"column":15}},"13":{"start":{"line":45,"column":6},"end":{"line":57,"column":7}},"14":{"start":{"line":46,"column":25},"end":{"line":49,"column":9}},"15":{"start":{"line":51,"column":8},"end":{"line":53,"column":9}},"16":{"start":{"line":52,"column":10},"end":{"line":52,"column":43}},"17":{"start":{"line":55,"column":8},"end":{"line":55,"column":65}},"18":{"start":{"line":56,"column":8},"end":{"line":56,"column":41}},"19":{"start":{"line":59,"column":4},"end":{"line":59,"column":27}},"20":{"start":{"line":62,"column":2},"end":{"line":72,"column":9}},"21":{"start":{"line":63,"column":23},"end":{"line":70,"column":5}},"22":{"start":{"line":64,"column":6},"end":{"line":69,"column":7}},"23":{"start":{"line":65,"column":25},"end":{"line":65,"column":74}},"24":{"start":{"line":66,"column":8},"end":{"line":66,"column":51}},"25":{"start":{"line":68,"column":8},"end":{"line":68,"column":54}},"26":{"start":{"line":71,"column":4},"end":{"line":71,"column":17}},"27":{"start":{"line":74,"column":2},"end":{"line":132,"column":9}},"28":{"start":{"line":75,"column":27},"end":{"line":130,"column":5}},"29":{"start":{"line":76,"column":6},"end":{"line":129,"column":7}},"30":{"start":{"line":77,"column":25},"end":{"line":77,"column":78}},"31":{"start":{"line":78,"column":26},"end":{"line":78,"column":49}},"32":{"start":{"line":79,"column":30},"end":{"line":79,"column":31}},"33":{"start":{"line":80,"column":33},"end":{"line":80,"column":34}},"34":{"start":{"line":81,"column":29},"end":{"line":81,"column":30}},"35":{"start":{"line":82,"column":29},"end":{"line":82,"column":31}},"36":{"start":{"line":83,"column":29},"end":{"line":83,"column":31}},"37":{"start":{"line":85,"column":8},"end":{"line":105,"column":11}},"38":{"start":{"line":86,"column":10},"end":{"line":91,"column":11}},"39":{"start":{"line":87,"column":12},"end":{"line":87,"column":30}},"40":{"start":{"line":89,"column":12},"end":{"line":89,"column":33}},"41":{"start":{"line":90,"column":12},"end":{"line":90,"column":59}},"42":{"start":{"line":93,"column":10},"end":{"line":97,"column":11}},"43":{"start":{"line":94,"column":12},"end":{"line":94,"column":42}},"44":{"start":{"line":96,"column":12},"end":{"line":96,"column":44}},"45":{"start":{"line":99,"column":37},"end":{"line":99,"column":60}},"46":{"start":{"line":100,"column":28},"end":{"line":100,"column":46}},"47":{"start":{"line":101,"column":10},"end":{"line":103,"column":11}},"48":{"start":{"line":102,"column":12},"end":{"line":102,"column":40}},"49":{"start":{"line":104,"column":10},"end":{"line":104,"column":66}},"50":{"start":{"line":107,"column":8},"end":{"line":1
[...]
t":{"line":66,"column":6},"end":{"line":66,"column":35}},"24":{"start":{"line":67,"column":6},"end":{"line":67,"column":38}},"25":{"start":{"line":68,"column":6},"end":{"line":93,"column":7}},"26":{"start":{"line":69,"column":8},"end":{"line":79,"column":9}},"27":{"start":{"line":70,"column":10},"end":{"line":70,"column":40}},"28":{"start":{"line":71,"column":10},"end":{"line":71,"column":42}},"29":{"start":{"line":72,"column":10},"end":{"line":74,"column":11}},"30":{"start":{"line":73,"column":12},"end":{"line":73,"column":54}},"31":{"start":{"line":75,"column":10},"end":{"line":78,"column":11}},"32":{"start":{"line":76,"column":12},"end":{"line":76,"column":65}},"33":{"start":{"line":77,"column":12},"end":{"line":77,"column":56}},"34":{"start":{"line":81,"column":8},"end":{"line":81,"column":30}},"35":{"start":{"line":82,"column":8},"end":{"line":92,"column":11}},"36":{"start":{"line":101,"column":6},"end":{"line":101,"column":84}},"37":{"start":{"line":102,"column":6},"end":{"line":112,"column":9}},"38":{"start":{"line":116,"column":27},"end":{"line":118,"column":3}},"39":{"start":{"line":117,"column":4},"end":{"line":117,"column":51}},"40":{"start":{"line":120,"column":2},"end":{"line":163,"column":4}}},"fnMap":{"0":{"name":"Login","decl":{"start":{"line":9,"column":9},"end":{"line":9,"column":14}},"loc":{"start":{"line":9,"column":22},"end":{"line":164,"column":1}},"line":9},"1":{"name":"setCookie","decl":{"start":{"line":15,"column":11},"end":{"line":15,"column":20}},"loc":{"start":{"line":15,"column":39},"end":{"line":20,"column":3}},"line":15},"2":{"name":"getCookie","decl":{"start":{"line":22,"column":11},"end":{"line":22,"column":20}},"loc":{"start":{"line":22,"column":26},"end":{"line":31,"column":3}},"line":22},"3":{"name":"deleteCookie","decl":{"start":{"line":33,"column":11},"end":{"line":33,"column":23}},"loc":{"start":{"line":33,"column":29},"end":{"line":35,"column":3}},"line":33},"4":{"name":"(anonymous_4)","decl":{"start":{"line":37,"column":28},"end":{"line":37,"column":29}},"loc":{"start":{"line":37,"column":35},"end":{"line":39,"column":3}},"line":37},"5":{"name":"(anonymous_5)","decl":{"start":{"line":41,"column":31},"end":{"line":41,"column":32}},"loc":{"start":{"line":41,"column":38},"end":{"line":43,"column":3}},"line":41},"6":{"name":"(anonymous_6)","decl":{"start":{"line":46,"column":23},"end":{"line":46,"column":24}},"loc":{"start":{"line":46,"column":36},"end":{"line":115,"column":3}},"line":46},"7":{"name":"(anonymous_7)","decl":{"start":{"line":116,"column":27},"end":{"line":116,"column":28}},"loc":{"start":{"line":116,"column":33},"end":{"line":118,"column":3}},"line":116}},"branchMap":{"0":{"loc":{"start":{"line":26,"column":6},"end":{"line":28,"column":7}},"type":"if","locations":[{"start":{"line":26,"column":6},"end":{"line":28,"column":7}},{"start":{},"end":{}}],"line":26},"1":{"loc":{"start":{"line":48,"column":4},"end":{"line":59,"column":9}},"type":"if","locations":[{"start":{"line":48,"column":4},"end":{"line":59,"column":9}},{"start":{},"end":{}}],"line":48},"2":{"loc":{"start":{"line":48,"column":8},"end":{"line":48,"column":39}},"type":"binary-expr","locations":[{"start":{"line":48,"column":8},"end":{"line":48,"column":20}},{"start":{"line":48,"column":24},"end":{"line":48,"column":39}}],"line":48},"3":{"loc":{"start":{"line":68,"column":6},"end":{"line":93,"column":7}},"type":"if","locations":[{"start":{"line":68,"column":6},"end":{"line":93,"column":7}},{"start":{"line":80,"column":13},"end":{"line":93,"column":7}}],"line":68},"4":{"loc":{"start":{"line":69,"column":8},"end":{"line":79,"column":9}},"type":"if","locations":[{"start":{"line":69,"column":8},"end":{"line":79,"column":9}},{"start":{},"end":{}}],"line":69},"5":{"loc":{"start":{"line":72,"column":10},"end":{"line":74,"column":11}},"type":"if","locations":[{"start":{"line":72,"column":10},"end":{"line":74,"column":11}},{"start":{},"end":{}}],"line":72},"6":{"loc":{"start":{"line":75,"column":10},"end":{"line":78,"column":11}},"type":"if","locations":[{"start":{"line":75,"column":10},"end":{"line":78,"column":11}},{"start":{},"end":{}}],"line":75},"7":{"loc":{"start":{"line":101,"column":30},"end":{"line":101,"column":82}},"type":"cond-expr","locations":[{"start":{"line":101,"column":47},"end":{"line":101,"column":66}},{"start":{"line":101,"column":69},"end":{"line":101,"column":82}}],"line":101},"8":{"loc":{"start":{"line":160,"column":7},"end":{"line":160,"column":34}},"type":"binary-expr","locations":[{"start":{"line":160,"column":7},"end":{"line":160,"column":14}},{"start":{"line":160,"column":18},"end":{"line":160,"column":34}}],"line":160}},"s":{"0":11,"1":11,"2":11,"3":11,"4":1,"5":1,"6":2,"7":2,"8":2,"9":2,"10":1,"11":1,"12":1,"13":11,"14":3,"15":11,"16":3,"17":11,"18":3,"19":3,"20":1,"21":2,"22":2,"23":2,"24":2,"25":2,"26":1,"27":1,"28":1,"29":1,"30":1,"31":1,"32":0,"33":0,"34":1,"35":1,"36":0,"37":0,"38":11,"39":1,"40":11},"f":{"0":11,"1":1,"2":2,"3":1,"4":3,"5":3,"6":3,"7":1},"b":{"0":[1,1],"1":[1,2],"2":[3,2],"3":[1,1],"4":[1,0],"5":[1,0],"6":[0,1],"7":[0,0],"8":[11,0]},"_coverageSchema":"1a1c01bbd47fc00a2c39e90264f33305004495a9","hash":"f0e6375b93daa86cca220dbcdea46814627b0ae0"}
,"C:\\jonatan\\REACT\\manageProject\\BS-PMC-2024-Team8\\frontend\\vls\\src\\pages\\Login\\Register.jsx": {"path":"C:\\jonatan\\REACT\\manageProject\\BS-PMC-2024-Team8\\frontend\\vls\\src\\pages\\Login\\Register.jsx","statementMap":{"0":{"start":{"line":11,"column":19},"end":{"line":11,"column":32}},"1":{"start":{"line":12,"column":28},"end":{"line":19,"column":4}},"2":{"start":{"line":21,"column":23},"end":{"line":28,"column":3}},"3":{"start":{"line":22,"column":28},"end":{"line":22,"column":38}},"4":{"start":{"line":23,"column":4},"end":{"line":23,"column":28}},"5":{"start":{"line":24,"column":4},"end":{"line":27,"column":7}},"6":{"start":{"line":30,"column":34},"end":{"line":64,"column":3}},"7":{"start":{"line":31,"column":20},"end":{"line":62,"column":5}},"8":{"start":{"line":63,"column":4},"end":{"line":63,"column":63}},"9":{"start":{"line":63,"column":36},"end":{"line":63,"column":61}},"10":{"start":{"line":66,"column":35},"end":{"line":69,"column":3}},"11":{"start":{"line":67,"column":20},"end":{"line":67,"column":70}},"12":{"start":{"line":68,"column":4},"end":{"line":68,"column":63}},"13":{"start":{"line":68,"column":36},"end":{"line":68,"column":61}},"14":{"start":{"line":71,"column":25},"end":{"line":183,"column":3}},"15":{"start":{"line":72,"column":4},"end":{"line":72,"column":25}},"16":{"start":{"line":75,"column":4},"end":{"line":85,"column":7}},"17":{"start":{"line":75,"column":91},"end":{"line":85,"column":7}},"18":{"start":{"line":86,"column":4},"end":{"line":96,"column":7}},"19":{"start":{"line":86,"column":37},"end":{"line":96,"column":7}},"20":{"start":{"line":97,"column":4},"end":{"line":107,"column":7}},"21":{"start":{"line":97,"column":49},"end":{"line":107,"column":7}},"22":{"start":{"line":108,"column":4},"end":{"line":118,"column":7}},"23":{"start":{"line":108,"column":50},"end":{"line":118,"column":7}},"24":{"start":{"line":119,"column":4},"end":{"line":148,"column":5}},"25":{"start":{"line":119,"column":21},"end":{"line":119,"column":76}},"26":{"start":{"line":120,"column":4},"end":{"line":130,"column":7}},"27":{"start":{"line":120,"column":13},"end":{"line":130,"column":7}},"28":{"start":{"line":131,"column":4},"end":{"line":131,"column":11}},"29":{"start":{"line":135,"column":6},"end":{"line":135,"column":37}},"30":{"start":{"line":136,"column":6},"end":{"line":146,"column":9}},"31":{"start":{"line":149,"column":4},"end":{"line":182,"column":5}},"32":{"start":{"line":150,"column":23},"end":{"line":157,"column":8}},"33":{"start":{"line":158,"column":6},"end":{"line":165,"column":9}},"34":{"start":{"line":168,"column":6},"end":{"line":178,"column":9}},"35":{"start":{"line":181,"column":6},"end":{"line":181,"column":37}},"36":{"start":{"line":185,"column":2},"end":{"line":254,"column":4}}},"fnMap":{"0":{"name":"Register","decl":{"start":{"line":10,"column":9},"end":{"line":10,"column":17}},"loc":{"start":{"line":10,"column":20},"end":{"line":255,"column":1}},"line":10},"1":{"name":"(anonymous_1)","decl":{"start":{"line":21,"column":23},"end":{"line":21,"column":24}},"loc":{"start":{"line":21,"column":32},"end":{"line":28,"column":3}},"line":21},"2":{"name":"(anonymous_2)","decl":{"start":{"line":30,"column":34},"end":{"line":30,"column":35}},"loc":{"start":{"line":30,"column":48},"end":{"line":64,"column":3}},"line":30},"3":{"name":"(anonymous_3)","decl":{"start":{"line":63,"column":24},"end":{"line":63,"column":25}},"loc":{"start":{"line":63,"column":36},"end":{"line":63,"column":61}},"line":63},"4":{"name":"(anonymous_4)","decl":{"start":{"line":66,"column":35},"end":{"line":66,"column":36}},"loc":{"start":{"line":66,"column":49},"end":{"line":69,"column":3}},"line":66},"5":{"name":"(anonymous_5)","decl":{"start":{"line":68,"column":24},"end":{"line":68,"column":25}},"loc":{"start":{"line":68,"column":36},"end":{"line":68,"column":61}},"line":68},"6":{"name":"(anonymous_6)","decl":{"start":{"line":71,"column":25},"end":{"line":71,"column":26}},"loc":{"start":{"line":71,"column":40},"end":{"line":183,"column":3}},"line":71}},"branchMap":{"0":{"loc":{"start":{"line":75,"column":4},"end":{"line":85,"column":7}},"type":"if","locations":[{"start":{"line":75,"column":4},"end":{"line":85,"column":7}},{"start":{},"end":{}}],"line":75},"1":{"loc":{"start":{"line":75,"column":7},"end":{"line":75,"column":89}},"type":"binary-expr","locations":[{"start":{"line":75,"column":7},"end":{"line":75,"column":18}},{"start":{"line":75,"column":22},"end":{"line":75,"column":34}},{"start":{"line":75,"column":38},"end":{"line":75,"column":53}},{"start":{"line":75,"column":57},"end":{"line":75,"column":71}},{"start":{"line":75,"column":75},"end":{"line":75,"column":89}}],"line":75},"2":{"loc":{"start":{"line":86,"column":4},"end":{"line":96,"column":7}},"type":"if","locations":[{"start":{"line":86,"column":4},"end":{"line":96,"column":7}},{"start":{},"end":{}}],"line":86},"3":{"loc":{"start":{"line":97,"column":4},"end":{"line":107,"column":7}},"type":"if","locations":[{"start":{"line":97,"column":4},"end":{"line":107,"column":7}},{"start":{},"end":{}}],"line":97},"4":{"loc":{"start":{"line":108,"column":4},"end":{"line":118,"column":7}},"type":"if","locations":[{"start":{"line":108,"column":4},"end":{"line":118,"column":7}},{"start":{},"end":{}}],"line":108},"5":{"loc":{"start":{"line":120,"column":4},"end":{"line":130,"column":7}},"type":"if","locations":[{"start":{"line":120,"column":4},"end":{"line":130,"column":7}},{"start":{},"end":{}}],"line":120}},"s":{"0":22,"1":21,"2":21,"3":17,"4":17,"5":17,"6":21,"7":3,"8":3,"9":32,"10":21,"11":2,"12":2,"13":12,"14":21,"15":5,"16":5,"17":1,"18":4,"19":1,"20":3,"21":1,"22":2,"23":1,"24":1,"25":1,"26":1,"27":1,"28":0,"29":0,"30":0,"31":0,"32":0,"33":0,"34":0,"35":0,"36":21},"f":{"0":22,"1":17,"2":3,"3":32,"4":2,"5":12,"6":5},"b":{"0":[1,4],"1":[5,4,4,4,4],"2":[1,3],"3":[1,2],"4":[1,1],"5":[1,0]},"_coverageSchema":"1a1c01bbd47fc00a2c39e90264f33305004495a9","hash":"a88eae5ebd659f40051f97645940bf13b96ed56d"}
,"C:\\jonatan\\REACT\\manageProject\\BS-PMC-2024-Team8\\frontend\\vls\\src\\pages\\Login\\forgotpassword.jsx": {"path":"C:\\jonatan\\REACT\\manageProject\\BS-PMC-2024-Team8\\frontend\\vls\\src\\pages\\Login\\forgotpassword.jsx","statementMap":{"0":{"start":{"line":9,"column":23},"end":{"line":286,"column":1}},"1":{"start":{"line":10,"column":26},"end":{"line":10,"column":38}},"2":{"start":{"line":11,"column":28},"end":{"line":11,"column":40}},"3":{"start":{"line":12,"column":50},"end":{"line":12,"column":62}},"4":{"start":{"line":13,"column":34},"end":{"line":13,"column":46}},"5":{"start":{"line":14,"column":19},"end":{"line":14,"column":32}},"6":{"start":{"line":19,"column":6},"end":{"line":19,"column":96}},"7":{"start":{"line":20,"column":15},"end":{"line":20,"column":17}},"8":{"start":{"line":21,"column":23},"end":{"line":21,"column":24}},"9":{"start":{"line":23,"column":4},"end":{"line":26,"column":5}},"10":{"start":{"line":23,"column":17},"end":{"line":23,"column":18}},"11":{"start":{"line":24,"column":26},"end":{"line":24,"column":71}},"12":{"start":{"line":25,"column":6},"end":{"line":25,"column":45}},"13":{"start":{"line":27,"column":4},"end":{"line":27,"column":16}},"14":{"start":{"line":31,"column":37},"end":{"line":74,"column":3}},"15":{"start":{"line":32,"column":4},"end":{"line":32,"column":23}},"16":{"start":{"line":33,"column":15},"end":{"line":33,"column":19}},"17":{"start":{"line":34,"column":4},"end":{"line":50,"column":5}},"18":{"start":{"line":35,"column":6},"end":{"line":35,"column":25}},"19":{"start":{"line":36,"column":6},"end":{"line":36,"column":63}},"20":{"start":{"line":38,"column":6},"end":{"line":48,"column":9}},"21":{"start":{"line":49,"column":6},"end":{"line":49,"column":57}},"22":{"start":{"line":51,"column":4},"end":{"line":73,"column":5}},"23":{"start":{"line":52,"column":6},"end":{"line":52,"column":25}},"24":{"start":{"line":53,"column":6},"end":{"line":53,"column":40}},"25":{"start":{"line":54,"column":24},"end":{"line":54,"column":41}},"26":{"start":{"line":55,"column":25},"end":{"line":55,"column":43}},"27":{"start":{"line":56,"column":28},"end":{"line":56,"column":48}},"28":{"start":{"line":57,"column":6},"end":{"line":57,"column":41}},"29":{"start":{"line":58,"column":6},"end":{"line":61,"column":9}},"30":{"start":{"line":62,"column":6},"end":{"line":72,"column":9}},"31":{"start":{"line":77,"column":34},"end":{"line":111,"column":3}},"32":{"start":{"line":78,"column":20},"end":{"line":109,"column":5}},"33":{"start":{"line":110,"column":4},"end":{"line":110,"column":63}},"34":{"start":{"line":110,"column":36},"end":{"line":110,"column":61}},"35":{"start":{"line":114,"column":34},"end":{"line":117,"column":3}},"36":{"start":{"line":115,"column":20},"end":{"line":115,"column":70}},"37":{"start":{"line":116,"column":4},"end":{"line":116,"column":63}},"38":{"start":{"line":116,"column":36},"end":{"line":116,"column":61}},"39":{"start":{"line":120,"column":23},"end":{"line":209,"column":3}},"40":{"start":{"line":121,"column":4},"end":{"line":121,"column":23}},"41":{"start":{"line":122,"column":4},"end":{"line":208,"column":5}},"42":{"start":{"line":123,"column":6},"end":{"line":133,"column":9}},"43":{"start":{"line":134,"column":6},"end":{"line":195,"column":7}},"44":{"start":{"line":135,"column":8},"end":{"line":146,"column":13}},"45":{"start":{"line":136,"column":10},"end":{"line":146,"column":13}},"46":{"start":{"line":147,"column":8},"end":{"line":158,"column":13}},"47":{"start":{"line":148,"column":10},"end":{"line":158,"column":13}},"48":{"start":{"line":159,"column":8},"end":{"line":170,"column":13}},"49":{"start":{"line":160,"column":10},"end":{"line":170,"column":13}},"50":{"start":{"line":172,"column":21},"end":{"line":175,"column":9}},"51":{"start":{"line":177,"column":25},"end":{"line":180,"column":9}},"52":{"start":{"line":181,"column":8},"end":{"line":191,"column":11}},"53":{"start":{"line":192,"column":8},"end":{"line":192,"column":22}},"54":{"start":{"line":194,"column":8},"end":{"line":194,"column":58}},"55":{"start":{"line":197,"column":6},"end":{"line":207,"column":9}},"56":{"start":{"line":212,"column":23},"end":{"line":221,"column":3}},"57":{"start":{"line":213,"column":28},"end":{"line":213,"column":36}},"58":{"start":{"line":214,"column":4},"end":{"line":220,"column":5}},"59":{"start":{"line":215,"column":6},"end":{"line":215,"column":22}},"60":{"start":{"line":216,"column":11},"end":{"line":220,"column":5}},"61":{"start":{"line":217,"column":6},"end":{"line":217,"column":21}},"62":{"start":{"line":218,"column":11},"end":{"line":220,"column":5}},"63":{"start":{"line":219,"column":6},"end":{"line":219,"column":25}},"64":{"start":{"line":223,"column":2},"end":{"line":285,"column":4}}},"fnMap":{"0":{"name":"(anonymous_0)","decl":{"start":{"line":9,"column":23},"end":{"line":9,"column":24}},"loc":{"start":{"line":9,"column":29},"end":{"line":286,"column":1}},"line":9},"1":{"name":"generateRandomCode","decl":{"start":{"line":17,"column":11},"end":{"line":17,"column":29}},"loc":{"start":{"line":17,"column":32},"end":{"line":28,"column":3}},"line":17},"2":{"name":"(anonymous_2)","decl":{"start":{"line":31,"column":37},"end":{"line":31,"column":38}},"loc":{"start":{"line":31,"column":50},"end":{"line":74,"column":3}},"line":31},"3":{"name":"(anonymous_3)","decl":{"start":{"line":77,"column":34},"end":{"line":77,"column":35}},"loc":{"start":{"line":77,"column":48},"end":{"line":111,"column":3}},"line":77},"4":{"name":"(anonymous_4)","decl":{"start":{"line":110,"column":24},"end":{"line":110,"column":25}},"loc":{"start":{"line":110,"column":36},"end":{"line":110,"column":61}},"line":110},"5":{"name":"(anonymous_5)","decl":{"start":{"line":114,"column":34},"end":{"line":114,"column":35}},"loc":{"start":{"line":114,"column":48},"end":{"line":117,"column":3}},"line":114},"6":{"name":"(anonymous_6)","decl":{"start":{"line":116,"column":24},"end":{"line":116,"column":25}},"loc":{"start":{"line":116,"column":36},"end":{"line":116,"column":61}},"line":116},"7":{"name":"(anonymous_7)","decl":{"start":{"line":120,"column":23},"end":{"line":120,"column":24}},"loc":{"start":{"line":120,"column":36},"end":{"line":209,"column":3}},"line":120},"8":{"name":"(anonymous_8)","decl":{"start":{"line":212,"column":23},"end":{"line":212,"column":24}},"loc":{"start":{"line":212,"column":30},"end":{"line":221,"column":3}},"line":212}},"branchMap":{"0":{"loc":{"start":{"line":51,"column":4},"end":{"line":73,"column":5}},"type":"if","locations":[{"start":{"line":51,"column":4},"end":{"line":73,"column":5}},{"start":{},"end":{}}],"line":51},"1":{"loc":{"start":{"line":122,"column":4},"end":{"line":208,"column":5}},"type":"if","locations":[{"start":{"line":122,"column":4},"end":{"line":208,"column":5}},{"start":{"line":196,"column":11},"end":{"line":208,"column":5}}],"line":122},"2":{"loc":{"start":{"line":135,"column":8},"end":{"line":146,"column":13}},"type":"if","locations":[{"start":{"line":135,"column":8},"end":{"line":146,"column":13}},{"start":{},"end":{}}],"line":135},"3":{"loc":{"start":{"line":147,"column":8},"end":{"line":158,"column":13}},"type":"if","locations":[{"start":{"line":147,"column":8},"end":{"line":158,"column":13}},{"start":{},"end":{}}],"line":147},"4":{"loc":{"start":{"line":159,"column":8},"end":{"line":170,"column":13}},"type":"if","locations":[{"start":{"line":159,"column":8},"end":{"line":170,"column":13}},{"start":{},"end":{}}],"line":159},"5":{"loc":{"start":{"line":214,"column":4},"end":{"line":220,"column":5}},"type":"if","locations":[{"start":{"line":214,"column":4},"end":{"line":220,"column":5}},{"start":{"line":216,"column":11},"end":{"line":220,"column":5}}],"line":214},"6":{"loc":{"start":{"line":216,"column":11},"end":{"line":220,"column":5}},"type":"if","locations":[{"start":{"line":216,"column":11},"end":{"line":220,"column":5}},{"start":{"line":218,"column":11},"end":{"line":220,"column":5}}],"line":216},"7":{"loc":{"start":{"line":218,"column":11},"end":{"line":220,"column":5}},"type":"if","locations":[{"start":{"line":218,"column":11},"end":{"line":220,"column":5}},{"start":{},"end":{}}],"line":218}},"s":{"0":1,"1":11,"2":11,"3":11,"4":11,"5":11,"6":1,"7":1,"8":1,"9":1,"10":1,"11":6,"12":6,"13":1,"14":11,"15":1,"16":1,"17":1,"18":1,"19":1,"20":0,"21":0,"22":1,"23":1,"24":1,"25":1,"26":1,"27":1,"28":1,"29":1,"30":1,"31":11,"32":0,"33":0,"34":0,"35":11,"36":0,"37":0,"38":0,"39":11,"40":2,"41":2,"42":0,"43":0,"44":0,"45":0,"46":0,"47":0,"48":0,"49":0,"50":0,"51":0,"52":0,"53":0,"54":0,"55":2,"56":11,"57":7,"58":7,"59":3,"60":4,"61":2,"62":2,"63":2,"64":11},"f":{"0":11,"1":1,"2":1,"3":0,"4":0,"5":0,"6":0,"7":2,"8":7},"b":{"0":[1,0],"1":[0,2],"2":[0,0],"3":[0,0],"4":[0,0],"5":[3,4],"6":[2,2],"7":[2,0]},"_coverageSchema":"1a1c01bbd47fc00a2c39e90264f33305004495a9","hash":"91384620b3e62b02d5e5b6f42e173703758fdecf"}
}
