TN:
SF:fileMock.js
FNF:0
FNH:0
DA:1,17
LF:1
LH:1
BRF:0
BRH:0
end_of_record
TN:
SF:src\pages\Admin\Analytics.jsx
FN:27,(anonymous_0)
FN:42,(anonymous_1)
FN:45,(anonymous_2)
FN:46,(anonymous_3)
FN:70,(anonymous_4)
FN:71,(anonymous_5)
FN:82,(anonymous_6)
FN:83,(anonymous_7)
FN:95,(anonymous_8)
FN:134,(anonymous_9)
FN:135,(anonymous_10)
FN:141,(anonymous_11)
FN:142,(anonymous_12)
FN:150,(anonymous_13)
FN:158,(anonymous_14)
FN:159,(anonymous_15)
FN:178,(anonymous_16)
FN:179,(anonymous_17)
FN:189,(anonymous_18)
FN:227,(anonymous_19)
FN:234,(anonymous_20)
FN:241,(anonymous_21)
FN:248,(anonymous_22)
FN:266,(anonymous_23)
FN:268,(anonymous_24)
FN:269,(anonymous_25)
FN:274,(anonymous_26)
FN:347,(anonymous_27)
FN:391,(anonymous_28)
FN:418,(anonymous_29)
FN:441,(anonymous_30)
FNF:31
FNH:28
FNDA:4,(anonymous_0)
FNDA:0,(anonymous_1)
FNDA:2,(anonymous_2)
FNDA:2,(anonymous_3)
FNDA:2,(anonymous_4)
FNDA:2,(anonymous_5)
FNDA:2,(anonymous_6)
FNDA:2,(anonymous_7)
FNDA:4,(anonymous_8)
FNDA:4,(anonymous_9)
FNDA:2,(anonymous_10)
FNDA:4,(anonymous_11)
FNDA:2,(anonymous_12)
FNDA:4,(anonymous_13)
FNDA:4,(anonymous_14)
FNDA:2,(anonymous_15)
FNDA:2,(anonymous_16)
FNDA:2,(anonymous_17)
FNDA:4,(anonymous_18)
FNDA:4,(anonymous_19)
FNDA:4,(anonymous_20)
FNDA:4,(anonymous_21)
FNDA:4,(anonymous_22)
FNDA:2,(anonymous_23)
FNDA:0,(anonymous_24)
FNDA:0,(anonymous_25)
FNDA:2,(anonymous_26)
FNDA:4,(anonymous_27)
FNDA:4,(anonymous_28)
FNDA:4,(anonymous_29)
FNDA:4,(anonymous_30)
DA:27,2
DA:28,4
DA:29,4
DA:30,4
DA:31,4
DA:32,4
DA:33,4
DA:34,4
DA:35,4
DA:36,4
DA:37,4
DA:38,4
DA:40,4
DA:42,4
DA:43,0
DA:45,4
DA:46,2
DA:47,2
DA:49,2
DA:50,0
DA:51,0
DA:53,2
DA:54,2
DA:59,2
DA:60,1
DA:63,0
DA:64,0
DA:67,2
DA:70,4
DA:71,2
DA:72,2
DA:73,2
DA:74,2
DA:76,0
DA:79,2
DA:82,4
DA:83,2
DA:84,2
DA:85,2
DA:86,2
DA:87,2
DA:88,2
DA:89,2
DA:90,2
DA:91,2
DA:92,2
DA:93,2
DA:95,2
DA:96,4
DA:97,2
DA:99,2
DA:100,2
DA:103,4
DA:104,0
DA:106,4
DA:110,4
DA:111,4
DA:112,0
DA:114,4
DA:119,4
DA:120,4
DA:121,4
DA:122,4
DA:124,4
DA:127,4
DA:128,4
DA:130,4
DA:133,2
DA:134,4
DA:135,2
DA:138,2
DA:140,2
DA:141,4
DA:143,2
DA:144,2
DA:145,2
DA:148,2
DA:150,4
DA:155,2
DA:157,2
DA:158,4
DA:160,2
DA:161,2
DA:162,2
DA:165,2
DA:167,2
DA:168,2
DA:169,2
DA:170,2
DA:172,0
DA:175,2
DA:178,4
DA:179,2
DA:180,2
DA:181,2
DA:182,2
DA:183,2
DA:184,2
DA:185,2
DA:186,2
DA:187,2
DA:189,2
DA:191,4
DA:192,4
DA:193,0
DA:195,4
DA:200,4
DA:201,4
DA:202,0
DA:204,4
DA:209,4
DA:210,4
DA:211,0
DA:213,4
DA:218,4
DA:219,4
DA:220,0
DA:222,4
DA:227,4
DA:232,2
DA:234,4
DA:239,2
DA:241,4
DA:246,2
DA:248,4
DA:253,2
DA:255,2
DA:256,2
DA:257,2
DA:258,2
DA:260,0
DA:263,2
DA:266,4
DA:268,2
DA:269,0
DA:270,0
DA:274,2
DA:277,4
DA:279,4
DA:348,4
DA:392,4
DA:419,4
DA:443,4
DA:446,4
DA:447,0
DA:448,4
DA:449,0
DA:451,4
DA:454,4
LF:149
LH:131
BRDA:49,0,0,0
BRDA:49,0,1,2
BRDA:59,1,0,1
BRDA:59,1,1,1
BRDA:96,2,0,2
BRDA:96,2,1,2
BRDA:103,3,0,0
BRDA:103,3,1,4
BRDA:110,4,0,4
BRDA:110,4,1,0
BRDA:111,5,0,0
BRDA:111,5,1,4
BRDA:121,6,0,4
BRDA:121,6,1,0
BRDA:127,7,0,4
BRDA:127,7,1,0
BRDA:145,8,0,0
BRDA:145,8,1,2
BRDA:162,9,0,0
BRDA:162,9,1,2
BRDA:191,10,0,4
BRDA:191,10,1,0
BRDA:192,11,0,0
BRDA:192,11,1,4
BRDA:200,12,0,4
BRDA:200,12,1,0
BRDA:201,13,0,0
BRDA:201,13,1,4
BRDA:209,14,0,4
BRDA:209,14,1,0
BRDA:210,15,0,0
BRDA:210,15,1,4
BRDA:218,16,0,4
BRDA:218,16,1,0
BRDA:219,17,0,0
BRDA:219,17,1,4
BRDA:446,18,0,0
BRDA:446,18,1,4
BRDA:448,19,0,0
BRDA:448,19,1,4
BRF:40
BRH:22
end_of_record
TN:
SF:src\pages\Admin\Clients.jsx
FN:14,(anonymous_0)
FN:21,(anonymous_1)
FN:25,(anonymous_2)
FN:26,(anonymous_3)
FN:49,(anonymous_4)
FN:50,(anonymous_5)
FN:62,(anonymous_6)
FN:64,(anonymous_7)
FN:71,(anonymous_8)
FN:75,(anonymous_9)
FN:75,(anonymous_10)
FN:76,(anonymous_11)
FN:132,(anonymous_12)
FN:165,(anonymous_13)
FN:169,(anonymous_14)
FN:173,(anonymous_15)
FN:223,(anonymous_16)
FN:238,(anonymous_17)
FNF:18
FNH:10
FNDA:6,(anonymous_0)
FNDA:0,(anonymous_1)
FNDA:3,(anonymous_2)
FNDA:3,(anonymous_3)
FNDA:3,(anonymous_4)
FNDA:3,(anonymous_5)
FNDA:1,(anonymous_6)
FNDA:1,(anonymous_7)
FNDA:0,(anonymous_8)
FNDA:0,(anonymous_9)
FNDA:0,(anonymous_10)
FNDA:0,(anonymous_11)
FNDA:0,(anonymous_12)
FNDA:0,(anonymous_13)
FNDA:0,(anonymous_14)
FNDA:6,(anonymous_15)
FNDA:6,(anonymous_16)
FNDA:1,(anonymous_17)
DA:14,1
DA:15,6
DA:16,6
DA:17,6
DA:18,6
DA:19,6
DA:21,6
DA:22,0
DA:25,6
DA:26,3
DA:27,3
DA:29,3
DA:30,0
DA:31,0
DA:33,3
DA:34,3
DA:38,3
DA:39,1
DA:42,0
DA:43,0
DA:46,3
DA:49,6
DA:50,3
DA:51,3
DA:52,3
DA:55,3
DA:57,0
DA:60,3
DA:62,6
DA:63,1
DA:65,1
DA:72,0
DA:73,0
DA:74,0
DA:75,0
DA:76,0
DA:77,0
DA:91,0
DA:104,0
DA:105,0
DA:117,0
DA:133,0
DA:144,0
DA:165,6
DA:166,0
DA:169,6
DA:170,0
DA:173,6
DA:174,6
DA:180,6
DA:224,6
DA:238,1
LF:52
LH:32
BRDA:29,0,0,0
BRDA:29,0,1,3
BRDA:38,1,0,1
BRDA:38,1,1,2
BRDA:74,2,0,0
BRDA:74,2,1,0
BRDA:175,3,0,6
BRDA:175,3,1,6
BRF:8
BRH:5
end_of_record
TN:
SF:src\pages\Admin\Contact.jsx
FN:14,Contact
FN:25,(anonymous_1)
FN:26,(anonymous_2)
FN:47,(anonymous_3)
FN:51,(anonymous_4)
FN:56,(anonymous_5)
FN:57,(anonymous_6)
FN:70,(anonymous_7)
FN:71,(anonymous_8)
FN:94,(anonymous_9)
FN:142,(anonymous_10)
FN:146,(anonymous_11)
FN:165,(anonymous_12)
FN:176,(anonymous_13)
FN:249,(anonymous_14)
FNF:15
FNH:13
FNDA:7,Contact
FNDA:3,(anonymous_1)
FNDA:3,(anonymous_2)
FNDA:3,(anonymous_3)
FNDA:3,(anonymous_4)
FNDA:3,(anonymous_5)
FNDA:3,(anonymous_6)
FNDA:3,(anonymous_7)
FNDA:3,(anonymous_8)
FNDA:1,(anonymous_9)
FNDA:0,(anonymous_10)
FNDA:1,(anonymous_11)
FNDA:0,(anonymous_12)
FNDA:3,(anonymous_13)
FNDA:8,(anonymous_14)
DA:15,7
DA:16,7
DA:17,7
DA:18,7
DA:19,7
DA:20,7
DA:21,7
DA:22,7
DA:23,7
DA:25,7
DA:26,3
DA:27,3
DA:29,3
DA:30,0
DA:31,0
DA:33,3
DA:34,3
DA:36,3
DA:37,1
DA:40,0
DA:41,0
DA:44,3
DA:47,7
DA:48,3
DA:51,7
DA:52,3
DA:53,3
DA:56,7
DA:57,3
DA:58,3
DA:59,3
DA:60,3
DA:61,3
DA:62,3
DA:64,0
DA:67,3
DA:70,7
DA:71,3
DA:72,3
DA:73,3
DA:74,3
DA:75,3
DA:76,3
DA:77,3
DA:78,6
DA:79,6
DA:80,6
DA:81,3
DA:84,6
DA:86,3
DA:88,0
DA:91,3
DA:94,7
DA:95,1
DA:96,1
DA:97,1
DA:98,1
DA:100,0
DA:102,0
DA:103,0
DA:105,0
DA:106,0
DA:107,0
DA:108,0
DA:109,0
DA:115,0
DA:127,0
DA:141,7
DA:142,7
DA:143,0
DA:146,7
DA:147,1
DA:148,1
DA:149,0
DA:150,1
DA:151,1
DA:152,1
DA:153,1
DA:155,0
DA:157,1
DA:158,0
DA:159,0
DA:160,0
DA:161,0
DA:165,7
DA:166,0
DA:167,0
DA:168,0
DA:169,0
DA:170,0
DA:172,0
DA:173,0
DA:176,7
DA:177,3
DA:180,7
DA:250,8
LF:96
LH:66
BRDA:29,0,0,0
BRDA:29,0,1,3
BRDA:36,1,0,1
BRDA:36,1,1,2
BRDA:80,2,0,3
BRDA:80,2,1,3
BRDA:97,3,0,1
BRDA:97,3,1,0
BRDA:100,4,0,0
BRDA:100,4,1,0
BRDA:148,5,0,0
BRDA:148,5,1,1
BRDA:150,6,0,1
BRDA:150,6,1,0
BRDA:152,7,0,1
BRDA:152,7,1,0
BRDA:158,8,0,0
BRDA:158,8,1,0
BRDA:160,9,0,0
BRDA:160,9,1,0
BRDA:172,10,0,0
BRDA:172,10,1,0
BRDA:229,11,0,7
BRDA:229,11,1,1
BRDA:279,12,0,7
BRDA:279,12,1,0
BRF:26
BRH:12
end_of_record
TN:
SF:src\pages\Admin\Customers.jsx
FN:35,CUSTOMERS
FN:41,(anonymous_1)
FN:42,(anonymous_2)
FN:66,(anonymous_3)
FN:67,(anonymous_4)
FN:80,(anonymous_5)
FN:83,(anonymous_6)
FN:85,(anonymous_7)
FN:92,(anonymous_8)
FN:96,(anonymous_9)
FN:98,(anonymous_10)
FN:154,(anonymous_11)
FN:187,(anonymous_12)
FN:191,(anonymous_13)
FN:195,(anonymous_14)
FN:197,(anonymous_15)
FN:225,(anonymous_16)
FN:235,(anonymous_17)
FN:241,(anonymous_18)
FNF:19
FNH:10
FNDA:5,CUSTOMERS
FNDA:3,(anonymous_1)
FNDA:3,(anonymous_2)
FNDA:3,(anonymous_3)
FNDA:3,(anonymous_4)
FNDA:0,(anonymous_5)
FNDA:1,(anonymous_6)
FNDA:1,(anonymous_7)
FNDA:1,(anonymous_8)
FNDA:0,(anonymous_9)
FNDA:0,(anonymous_10)
FNDA:0,(anonymous_11)
FNDA:0,(anonymous_12)
FNDA:0,(anonymous_13)
FNDA:0,(anonymous_14)
FNDA:0,(anonymous_15)
FNDA:4,(anonymous_16)
FNDA:0,(anonymous_17)
FNDA:1,(anonymous_18)
DA:36,5
DA:37,5
DA:38,5
DA:39,5
DA:41,5
DA:42,3
DA:43,3
DA:45,3
DA:46,1
DA:47,1
DA:49,2
DA:50,2
DA:55,2
DA:56,0
DA:59,0
DA:60,0
DA:63,3
DA:66,5
DA:67,3
DA:68,3
DA:69,3
DA:70,2
DA:72,1
DA:75,3
DA:78,5
DA:80,5
DA:81,0
DA:83,5
DA:84,1
DA:86,1
DA:93,1
DA:94,1
DA:95,0
DA:96,0
DA:98,0
DA:99,0
DA:113,0
DA:126,1
DA:127,1
DA:139,1
DA:155,0
DA:166,0
DA:187,5
DA:188,0
DA:191,5
DA:192,0
DA:195,5
DA:196,0
DA:197,0
DA:201,5
DA:226,4
DA:235,0
DA:241,1
LF:53
LH:37
BRDA:45,0,0,1
BRDA:45,0,1,2
BRDA:55,1,0,0
BRDA:55,1,1,2
BRDA:95,2,0,0
BRDA:95,2,1,0
BRDA:197,3,0,0
BRDA:197,3,1,0
BRDA:252,4,0,5
BRDA:252,4,1,0
BRF:10
BRH:4
end_of_record
TN:
SF:src\pages\Admin\EditCustomer.jsx
FN:13,(anonymous_0)
FN:19,(anonymous_1)
FN:20,(anonymous_2)
FN:43,(anonymous_3)
FN:48,(anonymous_4)
FN:53,(anonymous_5)
FN:58,(anonymous_6)
FN:78,(anonymous_7)
FN:100,(anonymous_8)
FNF:9
FNH:7
FNDA:8,(anonymous_0)
FNDA:3,(anonymous_1)
FNDA:3,(anonymous_2)
FNDA:3,(anonymous_3)
FNDA:0,(anonymous_4)
FNDA:1,(anonymous_5)
FNDA:1,(anonymous_6)
FNDA:1,(anonymous_7)
FNDA:0,(anonymous_8)
DA:13,3
DA:14,8
DA:15,8
DA:16,8
DA:17,8
DA:18,7
DA:19,7
DA:20,3
DA:21,3
DA:23,3
DA:24,3
DA:25,3
DA:27,0
DA:28,0
DA:33,0
DA:34,0
DA:37,0
DA:38,0
DA:41,3
DA:43,7
DA:44,3
DA:45,3
DA:48,7
DA:49,0
DA:53,7
DA:54,1
DA:55,1
DA:58,7
DA:59,1
DA:60,1
DA:64,1
DA:65,1
DA:66,1
DA:78,1
DA:79,1
DA:83,0
DA:96,0
DA:100,7
DA:101,0
DA:104,7
LF:40
LH:30
BRDA:23,0,0,3
BRDA:23,0,1,0
BRDA:33,1,0,0
BRDA:33,1,1,0
BRDA:64,2,0,1
BRDA:64,2,1,0
BRDA:65,3,0,1
BRDA:65,3,1,0
BRF:8
BRH:3
end_of_record
TN:
SF:src\pages\Admin\EditProceses.jsx
FN:10,(anonymous_0)
FN:18,(anonymous_1)
FN:24,(anonymous_2)
FN:28,(anonymous_3)
FN:33,(anonymous_4)
FN:63,(anonymous_5)
FN:88,(anonymous_6)
FN:113,(anonymous_7)
FN:144,(anonymous_8)
FNF:9
FNH:6
FNDA:5,(anonymous_0)
FNDA:3,(anonymous_1)
FNDA:0,(anonymous_2)
FNDA:0,(anonymous_3)
FNDA:2,(anonymous_4)
FNDA:2,(anonymous_5)
FNDA:2,(anonymous_6)
FNDA:1,(anonymous_7)
FNDA:0,(anonymous_8)
DA:10,3
DA:11,5
DA:12,5
DA:13,5
DA:14,5
DA:15,5
DA:16,5
DA:18,5
DA:19,3
DA:20,2
DA:24,5
DA:25,0
DA:28,5
DA:29,0
DA:30,0
DA:33,5
DA:34,2
DA:35,2
DA:36,0
DA:39,2
DA:40,2
DA:41,2
DA:42,2
DA:44,2
DA:45,0
DA:48,2
DA:49,0
DA:52,2
DA:54,0
DA:55,0
DA:56,0
DA:60,2
DA:63,5
DA:65,2
DA:66,2
DA:68,2
DA:69,2
DA:70,0
DA:71,2
DA:72,0
DA:73,2
DA:74,0
DA:75,2
DA:76,2
DA:78,2
DA:79,0
DA:80,2
DA:81,0
DA:85,2
DA:88,5
DA:89,2
DA:90,2
DA:91,0
DA:92,0
DA:95,2
DA:96,2
DA:97,2
DA:101,1
DA:102,1
DA:113,1
DA:114,1
DA:117,0
DA:130,1
DA:144,5
DA:145,0
DA:148,5
DA:149,1
DA:152,4
LF:68
LH:50
BRDA:13,0,0,5
BRDA:13,0,1,0
BRDA:19,1,0,2
BRDA:19,1,1,1
BRDA:35,2,0,0
BRDA:35,2,1,2
BRDA:44,3,0,0
BRDA:44,3,1,2
BRDA:44,4,0,2
BRDA:44,4,1,2
BRDA:44,4,2,2
BRDA:44,4,3,2
BRDA:48,5,0,0
BRDA:48,5,1,2
BRDA:48,6,0,2
BRDA:48,6,1,0
BRDA:52,7,0,0
BRDA:52,7,1,2
BRDA:54,8,0,0
BRDA:54,8,1,0
BRDA:54,8,2,0
BRDA:55,9,0,0
BRDA:55,9,1,0
BRDA:55,10,0,0
BRDA:55,10,1,0
BRDA:68,11,0,0
BRDA:68,11,1,2
BRDA:69,12,0,0
BRDA:69,12,1,2
BRDA:69,13,0,2
BRDA:69,13,1,2
BRDA:71,14,0,0
BRDA:71,14,1,2
BRDA:71,15,0,2
BRDA:71,15,1,2
BRDA:73,16,0,0
BRDA:73,16,1,2
BRDA:73,17,0,2
BRDA:73,17,1,2
BRDA:75,18,0,0
BRDA:75,18,1,2
BRDA:76,19,0,0
BRDA:76,19,1,2
BRDA:78,20,0,0
BRDA:78,20,1,2
BRDA:80,21,0,0
BRDA:80,21,1,2
BRDA:90,22,0,0
BRDA:90,22,1,2
BRDA:101,23,0,1
BRDA:101,23,1,0
BRDA:148,24,0,1
BRDA:148,24,1,4
BRDA:174,25,0,4
BRDA:174,25,1,0
BRDA:185,26,0,4
BRDA:185,26,1,0
BRDA:196,27,0,4
BRDA:196,27,1,0
BRDA:207,28,0,4
BRDA:207,28,1,0
BRDA:218,29,0,4
BRDA:218,29,1,0
BRDA:229,30,0,4
BRDA:229,30,1,0
BRDA:240,31,0,4
BRDA:240,31,1,0
BRF:67
BRH:37
end_of_record
TN:
SF:src\pages\Admin\Home.jsx
FN:28,Home
FN:37,(anonymous_1)
FN:38,(anonymous_2)
FN:62,(anonymous_3)
FN:63,(anonymous_4)
FN:74,(anonymous_5)
FN:75,(anonymous_6)
FN:85,(anonymous_7)
FN:112,(anonymous_8)
FN:113,(anonymous_9)
FN:119,(anonymous_10)
FN:120,(anonymous_11)
FN:136,(anonymous_12)
FNF:13
FNH:11
FNDA:10,Home
FNDA:5,(anonymous_1)
FNDA:5,(anonymous_2)
FNDA:5,(anonymous_3)
FNDA:5,(anonymous_4)
FNDA:5,(anonymous_5)
FNDA:5,(anonymous_6)
FNDA:15,(anonymous_7)
FNDA:10,(anonymous_8)
FNDA:5,(anonymous_9)
FNDA:5,(anonymous_10)
FNDA:0,(anonymous_11)
FNDA:0,(anonymous_12)
DA:29,10
DA:30,10
DA:31,10
DA:32,10
DA:33,10
DA:34,10
DA:35,10
DA:37,10
DA:38,5
DA:39,5
DA:41,5
DA:42,1
DA:43,1
DA:45,4
DA:46,4
DA:51,4
DA:52,0
DA:55,0
DA:56,0
DA:59,5
DA:62,10
DA:63,5
DA:64,5
DA:65,5
DA:66,4
DA:68,1
DA:71,5
DA:74,10
DA:75,5
DA:76,5
DA:77,5
DA:78,5
DA:79,5
DA:80,5
DA:81,5
DA:82,5
DA:83,5
DA:85,5
DA:86,15
DA:87,5
DA:89,10
DA:90,10
DA:93,15
DA:94,5
DA:96,10
DA:99,15
DA:100,15
DA:101,15
DA:102,5
DA:104,15
DA:107,5
DA:108,5
DA:109,5
DA:111,5
DA:112,10
DA:113,5
DA:116,5
DA:118,5
DA:119,5
DA:121,0
DA:122,0
DA:123,0
DA:126,5
DA:128,0
DA:131,5
DA:134,10
DA:136,10
DA:137,0
DA:140,10
LF:69
LH:61
BRDA:41,0,0,1
BRDA:41,0,1,4
BRDA:51,1,0,0
BRDA:51,1,1,4
BRDA:86,2,0,5
BRDA:86,2,1,10
BRDA:93,3,0,5
BRDA:93,3,1,10
BRDA:101,4,0,5
BRDA:101,4,1,10
BRDA:123,5,0,0
BRDA:123,5,1,0
BRF:12
BRH:9
end_of_record
TN:
SF:src\pages\Admin\Proceses.jsx
FN:14,Proceses
FN:23,(anonymous_1)
FN:26,(anonymous_2)
FN:27,(anonymous_3)
FN:52,(anonymous_4)
FN:53,(anonymous_5)
FN:75,(anonymous_6)
FN:77,(anonymous_7)
FN:84,(anonymous_8)
FN:88,(anonymous_9)
FN:89,(anonymous_10)
FN:91,(anonymous_11)
FN:92,(anonymous_12)
FN:96,(anonymous_13)
FN:152,(anonymous_14)
FN:185,(anonymous_15)
FN:189,(anonymous_16)
FN:195,(anonymous_17)
FN:201,(anonymous_18)
FN:207,(anonymous_19)
FN:208,(anonymous_20)
FN:281,(anonymous_21)
FN:291,(anonymous_22)
FN:294,(anonymous_23)
FNF:24
FNH:9
FNDA:7,Proceses
FNDA:0,(anonymous_1)
FNDA:4,(anonymous_2)
FNDA:4,(anonymous_3)
FNDA:4,(anonymous_4)
FNDA:4,(anonymous_5)
FNDA:1,(anonymous_6)
FNDA:1,(anonymous_7)
FNDA:0,(anonymous_8)
FNDA:0,(anonymous_9)
FNDA:0,(anonymous_10)
FNDA:0,(anonymous_11)
FNDA:0,(anonymous_12)
FNDA:0,(anonymous_13)
FNDA:0,(anonymous_14)
FNDA:0,(anonymous_15)
FNDA:0,(anonymous_16)
FNDA:0,(anonymous_17)
FNDA:0,(anonymous_18)
FNDA:0,(anonymous_19)
FNDA:0,(anonymous_20)
FNDA:5,(anonymous_21)
FNDA:0,(anonymous_22)
FNDA:1,(anonymous_23)
DA:15,7
DA:16,7
DA:17,7
DA:18,7
DA:19,7
DA:20,7
DA:21,7
DA:23,7
DA:24,0
DA:26,7
DA:27,4
DA:28,4
DA:30,4
DA:31,0
DA:32,0
DA:34,4
DA:35,4
DA:40,4
DA:41,1
DA:44,0
DA:45,0
DA:48,4
DA:52,7
DA:53,4
DA:54,4
DA:55,4
DA:56,3
DA:57,3
DA:60,1
DA:72,4
DA:75,7
DA:76,1
DA:78,1
DA:85,0
DA:86,0
DA:87,0
DA:88,0
DA:89,0
DA:91,0
DA:92,0
DA:96,0
DA:97,0
DA:111,0
DA:124,0
DA:125,0
DA:137,0
DA:153,0
DA:164,0
DA:185,7
DA:186,0
DA:189,7
DA:190,0
DA:191,0
DA:192,0
DA:195,7
DA:196,0
DA:197,0
DA:198,0
DA:201,7
DA:202,0
DA:203,0
DA:204,0
DA:207,7
DA:208,0
DA:209,0
DA:214,0
DA:215,0
DA:218,0
DA:220,0
DA:222,0
DA:225,7
DA:282,5
DA:291,0
DA:294,1
LF:74
LH:36
BRDA:30,0,0,0
BRDA:30,0,1,4
BRDA:40,1,0,1
BRDA:40,1,1,3
BRDA:87,2,0,0
BRDA:87,2,1,0
BRDA:218,3,0,0
BRDA:218,3,1,0
BRDA:218,3,2,0
BRDA:218,3,3,0
BRDA:220,4,0,0
BRDA:220,4,1,0
BRF:12
BRH:3
end_of_record
TN:
SF:src\pages\Admin\componants\Header.jsx
FN:9,Header
FN:10,(anonymous_1)
FN:12,(anonymous_2)
FN:21,(anonymous_3)
FN:39,(anonymous_4)
FNF:5
FNH:5
FNDA:109,Header
FNDA:3,(anonymous_1)
FNDA:2,(anonymous_2)
FNDA:1,(anonymous_3)
FNDA:1,(anonymous_4)
DA:10,109
DA:11,3
DA:13,2
DA:22,1
DA:23,1
DA:24,1
DA:39,1
DA:59,109
LF:8
LH:8
BRF:0
BRH:0
end_of_record
TN:
SF:src\pages\Admin\componants\Modal.jsx
FN:6,(anonymous_0)
FNF:1
FNH:1
FNDA:33,(anonymous_0)
DA:6,8
DA:7,33
LF:2
LH:2
BRF:0
BRH:0
end_of_record
TN:
SF:src\pages\Admin\componants\sideBar.jsx
FN:16,Sidebar
FN:21,(anonymous_1)
FN:22,(anonymous_2)
FN:114,(anonymous_3)
FN:123,(anonymous_4)
FNF:5
FNH:4
FNDA:125,Sidebar
FNDA:48,(anonymous_1)
FNDA:48,(anonymous_2)
FNDA:342,(anonymous_3)
FNDA:0,(anonymous_4)
DA:17,125
DA:18,125
DA:21,125
DA:22,48
DA:23,48
DA:24,48
DA:25,48
DA:29,45
DA:31,45
DA:32,18
DA:49,27
DA:59,3
DA:63,48
DA:66,125
DA:81,125
DA:83,125
DA:115,342
DA:116,342
DA:118,342
DA:123,0
LF:20
LH:19
BRDA:31,0,0,18
BRDA:31,0,1,27
BRDA:86,1,0,4
BRDA:86,1,1,121
BRDA:116,2,0,342
BRDA:116,2,1,0
BRDA:128,3,0,0
BRDA:128,3,1,342
BRF:8
BRH:6
end_of_record
TN:
SF:src\pages\Company\AnalyticsC.jsx
FN:27,(anonymous_0)
FN:42,(anonymous_1)
FN:46,getCookie
FN:57,(anonymous_3)
FN:58,(anonymous_4)
FN:65,(anonymous_5)
FN:67,(anonymous_6)
FN:77,(anonymous_7)
FN:98,(anonymous_8)
FN:99,(anonymous_9)
FN:112,(anonymous_10)
FN:151,(anonymous_11)
FN:152,(anonymous_12)
FN:161,(anonymous_13)
FN:162,(anonymous_14)
FN:177,(anonymous_15)
FN:178,(anonymous_16)
FN:189,(anonymous_17)
FN:227,(anonymous_18)
FN:234,(anonymous_19)
FN:241,(anonymous_20)
FN:248,(anonymous_21)
FN:266,(anonymous_22)
FN:268,(anonymous_23)
FN:269,(anonymous_24)
FN:274,(anonymous_25)
FN:291,(anonymous_26)
FN:369,(anonymous_27)
FN:395,(anonymous_28)
FN:418,(anonymous_29)
FNF:30
FNH:27
FNDA:4,(anonymous_0)
FNDA:0,(anonymous_1)
FNDA:6,getCookie
FNDA:2,(anonymous_3)
FNDA:2,(anonymous_4)
FNDA:8,(anonymous_5)
FNDA:6,(anonymous_6)
FNDA:6,(anonymous_7)
FNDA:2,(anonymous_8)
FNDA:2,(anonymous_9)
FNDA:4,(anonymous_10)
FNDA:4,(anonymous_11)
FNDA:2,(anonymous_12)
FNDA:4,(anonymous_13)
FNDA:2,(anonymous_14)
FNDA:2,(anonymous_15)
FNDA:2,(anonymous_16)
FNDA:4,(anonymous_17)
FNDA:4,(anonymous_18)
FNDA:4,(anonymous_19)
FNDA:4,(anonymous_20)
FNDA:4,(anonymous_21)
FNDA:2,(anonymous_22)
FNDA:0,(anonymous_23)
FNDA:0,(anonymous_24)
FNDA:2,(anonymous_25)
FNDA:6,(anonymous_26)
FNDA:4,(anonymous_27)
FNDA:4,(anonymous_28)
FNDA:4,(anonymous_29)
DA:27,1
DA:28,4
DA:29,4
DA:30,4
DA:31,4
DA:32,4
DA:33,4
DA:34,4
DA:35,4
DA:36,4
DA:37,4
DA:38,4
DA:40,4
DA:42,4
DA:43,0
DA:47,6
DA:48,6
DA:49,6
DA:50,6
DA:51,6
DA:54,0
DA:57,4
DA:58,2
DA:59,2
DA:60,2
DA:61,2
DA:62,2
DA:63,2
DA:64,2
DA:65,8
DA:66,2
DA:67,2
DA:68,6
DA:69,6
DA:70,6
DA:72,6
DA:74,2
DA:75,2
DA:76,2
DA:77,2
DA:78,6
DA:79,2
DA:80,2
DA:84,2
DA:85,2
DA:86,2
DA:88,2
DA:91,0
DA:95,2
DA:98,4
DA:99,2
DA:100,2
DA:101,2
DA:102,2
DA:103,2
DA:104,2
DA:105,2
DA:106,2
DA:107,2
DA:108,2
DA:109,2
DA:110,2
DA:112,2
DA:113,4
DA:114,2
DA:116,2
DA:117,2
DA:120,4
DA:121,0
DA:123,4
DA:127,4
DA:128,4
DA:129,0
DA:131,4
DA:136,4
DA:137,4
DA:138,4
DA:139,4
DA:141,4
DA:144,4
DA:145,4
DA:147,4
DA:150,2
DA:151,4
DA:153,2
DA:154,2
DA:155,2
DA:158,2
DA:160,2
DA:161,4
DA:163,2
DA:164,2
DA:165,2
DA:168,2
DA:171,0
DA:174,2
DA:177,4
DA:178,2
DA:179,2
DA:180,2
DA:181,2
DA:182,2
DA:183,2
DA:184,2
DA:185,2
DA:186,2
DA:187,2
DA:189,2
DA:191,4
DA:192,4
DA:193,0
DA:195,4
DA:200,4
DA:201,4
DA:202,0
DA:204,4
DA:209,4
DA:210,4
DA:211,0
DA:213,4
DA:218,4
DA:219,4
DA:220,0
DA:222,4
DA:227,4
DA:232,2
DA:234,4
DA:239,2
DA:241,4
DA:246,2
DA:248,4
DA:253,2
DA:255,2
DA:256,2
DA:257,2
DA:258,2
DA:260,0
DA:263,2
DA:266,4
DA:268,2
DA:269,0
DA:270,0
DA:274,2
DA:277,4
DA:279,4
DA:291,6
DA:370,4
DA:396,4
DA:420,4
DA:423,4
DA:424,0
DA:425,4
DA:426,0
DA:428,4
DA:431,4
LF:155
LH:140
BRDA:50,0,0,6
BRDA:50,0,1,0
BRDA:69,1,0,6
BRDA:69,1,1,0
BRDA:78,2,0,2
BRDA:78,2,1,4
BRDA:84,3,0,2
BRDA:84,3,1,0
BRDA:113,4,0,2
BRDA:113,4,1,2
BRDA:120,5,0,0
BRDA:120,5,1,4
BRDA:127,6,0,4
BRDA:127,6,1,0
BRDA:128,7,0,0
BRDA:128,7,1,4
BRDA:138,8,0,4
BRDA:138,8,1,0
BRDA:144,9,0,4
BRDA:144,9,1,0
BRDA:155,10,0,0
BRDA:155,10,1,2
BRDA:165,11,0,0
BRDA:165,11,1,2
BRDA:191,12,0,4
BRDA:191,12,1,0
BRDA:192,13,0,0
BRDA:192,13,1,4
BRDA:200,14,0,4
BRDA:200,14,1,0
BRDA:201,15,0,0
BRDA:201,15,1,4
BRDA:209,16,0,4
BRDA:209,16,1,0
BRDA:210,17,0,0
BRDA:210,17,1,4
BRDA:218,18,0,4
BRDA:218,18,1,0
BRDA:219,19,0,0
BRDA:219,19,1,4
BRDA:423,20,0,0
BRDA:423,20,1,4
BRDA:425,21,0,0
BRDA:425,21,1,4
BRF:44
BRH:24
end_of_record
TN:
SF:src\pages\Company\ContactC.jsx
FN:13,ContactC
FN:25,(anonymous_1)
FN:29,(anonymous_2)
FN:30,(anonymous_3)
FN:43,(anonymous_4)
FN:44,(anonymous_5)
FN:66,(anonymous_6)
FN:112,(anonymous_7)
FN:116,(anonymous_8)
FNF:9
FNH:8
FNDA:10,ContactC
FNDA:3,(anonymous_1)
FNDA:3,(anonymous_2)
FNDA:3,(anonymous_3)
FNDA:3,(anonymous_4)
FNDA:3,(anonymous_5)
FNDA:2,(anonymous_6)
FNDA:0,(anonymous_7)
FNDA:4,(anonymous_8)
DA:14,10
DA:15,10
DA:16,10
DA:17,10
DA:18,10
DA:19,10
DA:20,10
DA:21,10
DA:22,10
DA:25,10
DA:26,3
DA:29,10
DA:30,3
DA:31,3
DA:32,3
DA:33,3
DA:34,3
DA:35,3
DA:37,0
DA:40,3
DA:43,10
DA:44,3
DA:45,3
DA:46,3
DA:47,3
DA:48,3
DA:49,3
DA:50,3
DA:51,3
DA:53,0
DA:54,0
DA:57,0
DA:58,0
DA:59,0
DA:62,3
DA:66,10
DA:67,2
DA:68,2
DA:69,2
DA:70,1
DA:72,1
DA:73,0
DA:74,0
DA:76,1
DA:77,1
DA:78,1
DA:79,1
DA:80,1
DA:86,1
DA:98,0
DA:112,10
DA:113,0
DA:116,10
DA:117,4
DA:118,4
DA:119,1
DA:120,3
DA:121,2
DA:122,2
DA:123,1
DA:125,1
DA:127,2
DA:128,1
DA:129,1
DA:133,10
LF:65
LH:55
BRDA:49,0,0,3
BRDA:49,0,1,0
BRDA:50,1,0,3
BRDA:50,1,1,0
BRDA:51,2,0,3
BRDA:51,2,1,0
BRDA:69,3,0,1
BRDA:69,3,1,1
BRDA:72,4,0,0
BRDA:72,4,1,1
BRDA:118,5,0,1
BRDA:118,5,1,3
BRDA:120,6,0,2
BRDA:120,6,1,1
BRDA:122,7,0,1
BRDA:122,7,1,1
BRDA:128,8,0,1
BRDA:128,8,1,0
BRDA:182,9,0,10
BRDA:182,9,1,1
BRDA:191,10,0,10
BRDA:191,10,1,3
BRDA:226,11,0,10
BRDA:226,11,1,0
BRF:24
BRH:18
end_of_record
TN:
SF:src\pages\Company\CustomersC.jsx
FN:11,(anonymous_0)
FN:18,getCookie
FN:31,(anonymous_2)
FN:35,(anonymous_3)
FN:36,(anonymous_4)
FN:60,(anonymous_5)
FN:61,(anonymous_6)
FN:74,(anonymous_7)
FN:78,(anonymous_8)
FN:82,(anonymous_9)
FN:86,(anonymous_10)
FN:88,(anonymous_11)
FN:122,(anonymous_12)
FN:131,(anonymous_13)
FN:132,(anonymous_14)
FN:147,(anonymous_15)
FN:153,(anonymous_16)
FNF:17
FNH:7
FNDA:6,(anonymous_0)
FNDA:6,getCookie
FNDA:0,(anonymous_2)
FNDA:2,(anonymous_3)
FNDA:2,(anonymous_4)
FNDA:2,(anonymous_5)
FNDA:2,(anonymous_6)
FNDA:0,(anonymous_7)
FNDA:0,(anonymous_8)
FNDA:0,(anonymous_9)
FNDA:0,(anonymous_10)
FNDA:0,(anonymous_11)
FNDA:4,(anonymous_12)
FNDA:0,(anonymous_13)
FNDA:0,(anonymous_14)
FNDA:0,(anonymous_15)
FNDA:0,(anonymous_16)
DA:11,1
DA:12,6
DA:13,6
DA:14,6
DA:15,6
DA:16,6
DA:19,6
DA:20,6
DA:21,6
DA:22,6
DA:23,0
DA:26,6
DA:29,6
DA:31,6
DA:32,0
DA:35,6
DA:36,2
DA:37,2
DA:39,2
DA:40,2
DA:41,2
DA:43,0
DA:44,0
DA:49,0
DA:50,0
DA:53,0
DA:54,0
DA:57,2
DA:60,6
DA:61,2
DA:62,2
DA:63,2
DA:66,2
DA:68,0
DA:71,2
DA:74,6
DA:75,0
DA:78,6
DA:79,0
DA:82,6
DA:83,0
DA:86,6
DA:87,0
DA:89,0
DA:94,6
DA:123,4
DA:131,0
DA:132,0
DA:147,0
DA:153,0
LF:50
LH:32
BRDA:22,0,0,0
BRDA:22,0,1,6
BRDA:39,1,0,2
BRDA:39,1,1,0
BRDA:49,2,0,0
BRDA:49,2,1,0
BRDA:89,3,0,0
BRDA:89,3,1,0
BRDA:164,4,0,6
BRDA:164,4,1,0
BRF:10
BRH:3
end_of_record
TN:
SF:src\pages\Company\DeleteCustomerC.jsx
FN:14,(anonymous_0)
FN:22,(anonymous_1)
FN:26,(anonymous_2)
FN:30,(anonymous_3)
FN:34,(anonymous_4)
FN:38,(anonymous_5)
FN:42,(anonymous_6)
FN:64,(anonymous_7)
FNF:8
FNH:6
FNDA:13,(anonymous_0)
FNDA:5,(anonymous_1)
FNDA:5,(anonymous_2)
FNDA:0,(anonymous_3)
FNDA:3,(anonymous_4)
FNDA:1,(anonymous_5)
FNDA:2,(anonymous_6)
FNDA:0,(anonymous_7)
DA:14,1
DA:15,13
DA:16,13
DA:17,13
DA:18,13
DA:19,13
DA:20,13
DA:22,13
DA:23,5
DA:26,13
DA:27,5
DA:30,13
DA:31,0
DA:34,13
DA:35,3
DA:36,3
DA:38,13
DA:39,1
DA:42,13
DA:43,2
DA:44,2
DA:45,2
DA:46,2
DA:52,1
DA:64,1
DA:65,0
DA:68,1
DA:82,13
LF:28
LH:26
BRF:0
BRH:0
end_of_record
TN:
SF:src\pages\Company\EditCustomerC.jsx
FN:18,(anonymous_0)
FN:25,(anonymous_1)
FN:29,(anonymous_2)
FN:33,(anonymous_3)
FN:38,(anonymous_4)
FN:57,(anonymous_5)
FN:79,(anonymous_6)
FNF:7
FNH:5
FNDA:9,(anonymous_0)
FNDA:4,(anonymous_1)
FNDA:0,(anonymous_2)
FNDA:1,(anonymous_3)
FNDA:1,(anonymous_4)
FNDA:0,(anonymous_5)
FNDA:1,(anonymous_6)
DA:18,2
DA:19,9
DA:20,9
DA:21,9
DA:22,9
DA:23,9
DA:25,9
DA:26,4
DA:29,9
DA:30,0
DA:33,9
DA:34,1
DA:35,1
DA:38,9
DA:39,1
DA:40,1
DA:44,1
DA:45,1
DA:57,1
DA:58,0
DA:62,0
DA:75,0
DA:79,9
DA:80,1
DA:83,9
LF:25
LH:21
BRDA:44,0,0,1
BRDA:44,0,1,0
BRF:2
BRH:1
end_of_record
TN:
SF:src\pages\Company\HomeC.jsx
FN:12,HomeC
FN:22,(anonymous_1)
FN:23,(anonymous_2)
FN:43,(anonymous_3)
FN:44,(anonymous_4)
FN:53,(anonymous_5)
FN:74,(anonymous_6)
FN:75,(anonymous_7)
FN:89,(anonymous_8)
FN:90,(anonymous_9)
FN:97,(anonymous_10)
FN:108,(anonymous_11)
FN:121,(anonymous_12)
FN:122,(anonymous_13)
FN:135,(anonymous_14)
FN:233,(anonymous_15)
FNF:16
FNH:14
FNDA:5,HomeC
FNDA:3,(anonymous_1)
FNDA:3,(anonymous_2)
FNDA:3,(anonymous_3)
FNDA:3,(anonymous_4)
FNDA:6,(anonymous_5)
FNDA:6,(anonymous_6)
FNDA:3,(anonymous_7)
FNDA:3,(anonymous_8)
FNDA:3,(anonymous_9)
FNDA:6,(anonymous_10)
FNDA:6,(anonymous_11)
FNDA:3,(anonymous_12)
FNDA:3,(anonymous_13)
FNDA:0,(anonymous_14)
FNDA:0,(anonymous_15)
DA:13,5
DA:14,5
DA:15,5
DA:16,5
DA:17,5
DA:18,5
DA:19,5
DA:22,5
DA:23,3
DA:24,3
DA:26,3
DA:27,0
DA:28,0
DA:30,3
DA:31,3
DA:32,3
DA:33,3
DA:36,0
DA:37,0
DA:40,3
DA:43,5
DA:44,3
DA:45,3
DA:46,3
DA:47,3
DA:48,3
DA:49,3
DA:50,3
DA:51,3
DA:52,3
DA:53,3
DA:54,6
DA:55,3
DA:56,3
DA:58,3
DA:59,3
DA:61,6
DA:62,6
DA:63,6
DA:64,6
DA:66,6
DA:69,3
DA:70,3
DA:71,3
DA:73,3
DA:74,6
DA:76,3
DA:77,3
DA:78,3
DA:81,3
DA:84,0
DA:87,3
DA:89,5
DA:90,3
DA:91,3
DA:92,3
DA:93,3
DA:94,3
DA:95,3
DA:96,3
DA:97,3
DA:99,6
DA:100,6
DA:101,0
DA:103,6
DA:108,6
DA:112,3
DA:115,0
DA:118,3
DA:120,5
DA:121,5
DA:122,3
DA:123,3
DA:124,3
DA:125,3
DA:126,3
DA:127,3
DA:129,0
DA:132,3
DA:135,5
DA:136,0
DA:139,5
DA:233,0
LF:83
LH:73
BRDA:26,0,0,0
BRDA:26,0,1,3
BRDA:32,1,0,3
BRDA:32,1,1,0
BRDA:54,2,0,3
BRDA:54,2,1,3
BRDA:63,3,0,6
BRDA:63,3,1,0
BRDA:78,4,0,0
BRDA:78,4,1,3
BRDA:99,5,0,6
BRDA:99,5,1,0
BRDA:100,6,0,0
BRDA:100,6,1,6
BRF:14
BRH:8
end_of_record
TN:
SF:src\pages\Company\NewProcess.jsx
FN:13,(anonymous_0)
FN:26,(anonymous_1)
FN:27,(anonymous_2)
FN:51,(anonymous_3)
FN:55,(anonymous_4)
FN:59,(anonymous_5)
FN:65,(anonymous_6)
FN:68,(anonymous_7)
FN:72,(anonymous_8)
FN:172,(anonymous_9)
FN:206,(anonymous_10)
FN:210,(anonymous_11)
FNF:12
FNH:6
FNDA:10,(anonymous_0)
FNDA:4,(anonymous_1)
FNDA:4,(anonymous_2)
FNDA:0,(anonymous_3)
FNDA:0,(anonymous_4)
FNDA:0,(anonymous_5)
FNDA:0,(anonymous_6)
FNDA:0,(anonymous_7)
FNDA:1,(anonymous_8)
FNDA:0,(anonymous_9)
FNDA:1,(anonymous_10)
FNDA:1,(anonymous_11)
DA:13,1
DA:14,10
DA:15,10
DA:16,10
DA:20,10
DA:21,10
DA:22,10
DA:23,10
DA:24,10
DA:25,10
DA:26,10
DA:27,4
DA:28,4
DA:30,4
DA:31,1
DA:32,1
DA:34,3
DA:35,3
DA:36,3
DA:37,0
DA:41,3
DA:42,3
DA:45,0
DA:46,0
DA:49,4
DA:51,10
DA:52,0
DA:55,10
DA:56,0
DA:59,10
DA:60,0
DA:65,10
DA:66,0
DA:68,10
DA:69,0
DA:72,10
DA:73,1
DA:74,1
DA:75,1
DA:86,1
DA:88,0
DA:90,0
DA:101,0
DA:103,0
DA:104,0
DA:115,0
DA:117,0
DA:118,0
DA:130,0
DA:132,0
DA:143,0
DA:145,0
DA:146,0
DA:147,0
DA:148,0
DA:149,0
DA:150,0
DA:151,0
DA:152,0
DA:153,0
DA:154,0
DA:155,0
DA:156,0
DA:157,0
DA:158,0
DA:164,0
DA:165,0
DA:166,0
DA:167,0
DA:171,0
DA:172,0
DA:173,0
DA:185,0
DA:189,0
DA:191,0
DA:206,10
DA:207,1
DA:210,10
DA:211,1
DA:214,10
LF:80
LH:37
BRDA:30,0,0,1
BRDA:30,0,1,3
BRDA:36,1,0,0
BRDA:36,1,1,3
BRDA:74,2,0,1
BRDA:74,2,1,0
BRDA:88,3,0,0
BRDA:88,3,1,0
BRDA:103,4,0,0
BRDA:103,4,1,0
BRDA:117,5,0,0
BRDA:117,5,1,0
BRDA:130,6,0,0
BRDA:130,6,1,0
BRDA:130,7,0,0
BRDA:130,7,1,0
BRDA:164,8,0,0
BRDA:164,8,1,0
BRDA:189,9,0,0
BRDA:189,9,1,0
BRDA:189,10,0,0
BRDA:189,10,1,0
BRF:22
BRH:4
end_of_record
TN:
SF:src\pages\Company\Payment.jsx
FN:13,useQuery
FN:17,(anonymous_1)
FN:54,(anonymous_2)
FN:62,generateRandomCode
FN:92,(anonymous_4)
FN:106,(anonymous_5)
FN:114,(anonymous_6)
FN:121,(anonymous_7)
FN:321,(anonymous_8)
FN:334,(anonymous_9)
FN:343,(anonymous_10)
FN:344,(anonymous_11)
FN:359,(anonymous_12)
FNF:13
FNH:6
FNDA:5,useQuery
FNDA:5,(anonymous_1)
FNDA:2,(anonymous_2)
FNDA:2,generateRandomCode
FNDA:0,(anonymous_4)
FNDA:0,(anonymous_5)
FNDA:0,(anonymous_6)
FNDA:1,(anonymous_7)
FNDA:48,(anonymous_8)
FNDA:0,(anonymous_9)
FNDA:0,(anonymous_10)
FNDA:0,(anonymous_11)
FNDA:0,(anonymous_12)
DA:14,5
DA:17,1
DA:18,5
DA:19,4
DA:20,4
DA:21,4
DA:22,4
DA:23,4
DA:24,4
DA:25,4
DA:26,4
DA:27,4
DA:28,4
DA:29,4
DA:34,4
DA:54,4
DA:55,2
DA:56,2
DA:57,2
DA:58,2
DA:59,2
DA:60,0
DA:63,2
DA:64,2
DA:65,2
DA:67,2
DA:68,40
DA:69,40
DA:71,2
DA:73,2
DA:74,2
DA:92,4
DA:93,0
DA:94,0
DA:95,0
DA:96,0
DA:106,4
DA:107,0
DA:108,0
DA:114,4
DA:115,0
DA:121,4
DA:122,1
DA:125,1
DA:126,1
DA:137,1
DA:140,0
DA:141,0
DA:152,0
DA:155,0
DA:156,0
DA:167,0
DA:170,0
DA:171,0
DA:182,0
DA:185,0
DA:186,0
DA:197,0
DA:200,0
DA:201,0
DA:202,0
DA:203,0
DA:214,0
DA:217,0
DA:228,0
DA:232,4
DA:234,4
DA:322,48
DA:335,0
DA:344,0
DA:345,0
DA:356,0
DA:360,0
DA:361,0
LF:74
LH:41
BRDA:57,0,0,0
BRDA:57,0,1,2
BRDA:59,1,0,0
BRDA:59,1,1,2
BRDA:59,2,0,2
BRDA:59,2,1,0
BRDA:75,3,0,2
BRDA:75,3,1,2
BRDA:76,4,0,2
BRDA:76,4,1,2
BRDA:77,5,0,2
BRDA:77,5,1,2
BRDA:78,6,0,2
BRDA:78,6,1,2
BRDA:79,7,0,2
BRDA:79,7,1,2
BRDA:80,8,0,2
BRDA:80,8,1,2
BRDA:81,9,0,2
BRDA:81,9,1,2
BRDA:82,10,0,2
BRDA:82,10,1,2
BRDA:117,11,0,0
BRDA:117,11,1,0
BRDA:125,12,0,1
BRDA:125,12,1,0
BRDA:125,13,0,1
BRDA:125,13,1,0
BRDA:125,13,2,0
BRDA:125,13,3,0
BRDA:140,14,0,0
BRDA:140,14,1,0
BRDA:155,15,0,0
BRDA:155,15,1,0
BRDA:170,16,0,0
BRDA:170,16,1,0
BRDA:185,17,0,0
BRDA:185,17,1,0
BRDA:202,18,0,0
BRDA:202,18,1,0
BRDA:232,19,0,0
BRDA:232,19,1,4
BRDA:289,20,0,0
BRDA:289,20,1,4
BRF:44
BRH:23
end_of_record
TN:
SF:src\pages\Company\ProcessC.jsx
FN:11,(anonymous_0)
FN:20,(anonymous_1)
FN:24,getCookie
FN:35,(anonymous_3)
FN:36,(anonymous_4)
FN:51,(anonymous_5)
FN:52,(anonymous_6)
FN:57,(anonymous_7)
FN:62,(anonymous_8)
FN:70,(anonymous_9)
FN:83,(anonymous_10)
FN:85,(anonymous_11)
FN:92,(anonymous_12)
FN:96,(anonymous_13)
FN:149,(anonymous_14)
FN:180,(anonymous_15)
FN:217,(anonymous_16)
FN:226,(anonymous_17)
FN:234,(anonymous_18)
FN:240,(anonymous_19)
FN:246,(anonymous_20)
FN:267,(anonymous_21)
FN:279,(anonymous_22)
FNF:23
FNH:13
FNDA:10,(anonymous_0)
FNDA:0,(anonymous_1)
FNDA:12,getCookie
FNDA:2,(anonymous_3)
FNDA:2,(anonymous_4)
FNDA:5,(anonymous_5)
FNDA:5,(anonymous_6)
FNDA:0,(anonymous_7)
FNDA:0,(anonymous_8)
FNDA:0,(anonymous_9)
FNDA:1,(anonymous_10)
FNDA:1,(anonymous_11)
FNDA:1,(anonymous_12)
FNDA:1,(anonymous_13)
FNDA:0,(anonymous_14)
FNDA:5,(anonymous_15)
FNDA:0,(anonymous_16)
FNDA:0,(anonymous_17)
FNDA:0,(anonymous_18)
FNDA:0,(anonymous_19)
FNDA:0,(anonymous_20)
FNDA:5,(anonymous_21)
FNDA:1,(anonymous_22)
DA:11,1
DA:12,10
DA:13,10
DA:14,10
DA:15,10
DA:16,10
DA:17,10
DA:18,10
DA:20,10
DA:21,0
DA:25,12
DA:26,12
DA:27,12
DA:28,12
DA:29,12
DA:32,0
DA:35,10
DA:36,2
DA:37,2
DA:38,2
DA:39,2
DA:42,2
DA:43,2
DA:45,0
DA:48,2
DA:51,10
DA:52,5
DA:53,5
DA:55,5
DA:56,0
DA:57,0
DA:61,5
DA:62,0
DA:63,0
DA:64,0
DA:65,0
DA:69,5
DA:70,0
DA:71,0
DA:72,0
DA:73,0
DA:77,5
DA:80,5
DA:83,10
DA:84,1
DA:86,1
DA:93,1
DA:94,1
DA:95,1
DA:96,1
DA:97,1
DA:109,0
DA:122,0
DA:123,0
DA:135,1
DA:150,0
DA:161,0
DA:180,10
DA:182,5
DA:184,5
DA:185,5
DA:187,0
DA:188,0
DA:190,0
DA:191,0
DA:193,0
DA:194,0
DA:196,0
DA:198,5
DA:201,10
DA:217,0
DA:226,0
DA:234,0
DA:240,0
DA:246,0
DA:268,5
DA:279,1
LF:77
LH:47
BRDA:28,0,0,12
BRDA:28,0,1,0
BRDA:55,1,0,0
BRDA:55,1,1,5
BRDA:61,2,0,0
BRDA:61,2,1,5
BRDA:69,3,0,0
BRDA:69,3,1,5
BRDA:95,4,0,1
BRDA:95,4,1,0
BRDA:182,5,0,5
BRDA:182,5,1,0
BRDA:182,5,2,0
BRDA:182,5,3,0
BRDA:182,5,4,0
BRDA:233,6,0,10
BRDA:233,6,1,0
BRDA:239,7,0,0
BRDA:239,7,1,10
BRDA:245,8,0,0
BRDA:245,8,1,10
BRF:21
BRH:9
end_of_record
TN:
SF:src\pages\Login\Login.jsx
FN:9,Login
FN:15,setCookie
FN:22,getCookie
FN:33,deleteCookie
FN:37,(anonymous_4)
FN:41,(anonymous_5)
FN:46,(anonymous_6)
FN:116,(anonymous_7)
FNF:8
FNH:8
FNDA:11,Login
FNDA:1,setCookie
FNDA:2,getCookie
FNDA:1,deleteCookie
FNDA:3,(anonymous_4)
FNDA:3,(anonymous_5)
FNDA:3,(anonymous_6)
FNDA:1,(anonymous_7)
DA:10,11
DA:11,11
DA:12,11
DA:13,11
DA:16,1
DA:19,1
DA:23,2
DA:24,2
DA:25,2
DA:26,2
DA:27,1
DA:30,1
DA:34,1
DA:37,11
DA:38,3
DA:41,11
DA:42,3
DA:46,11
DA:47,3
DA:48,3
DA:49,1
DA:61,2
DA:62,2
DA:66,2
DA:67,2
DA:68,2
DA:69,1
DA:70,1
DA:71,1
DA:72,1
DA:73,1
DA:75,1
DA:76,0
DA:77,0
DA:81,1
DA:82,1
DA:101,0
DA:102,0
DA:116,11
DA:117,1
DA:120,11
LF:41
LH:37
BRDA:26,0,0,1
BRDA:26,0,1,1
BRDA:48,1,0,1
BRDA:48,1,1,2
BRDA:48,2,0,3
BRDA:48,2,1,2
BRDA:68,3,0,1
BRDA:68,3,1,1
BRDA:69,4,0,1
BRDA:69,4,1,0
BRDA:72,5,0,1
BRDA:72,5,1,0
BRDA:75,6,0,0
BRDA:75,6,1,1
BRDA:101,7,0,0
BRDA:101,7,1,0
BRDA:160,8,0,11
BRDA:160,8,1,0
BRF:18
BRH:12
end_of_record
TN:
SF:src\pages\Login\Register.jsx
FN:10,Register
FN:21,(anonymous_1)
FN:30,(anonymous_2)
FN:63,(anonymous_3)
FN:66,(anonymous_4)
FN:68,(anonymous_5)
FN:71,(anonymous_6)
FNF:7
FNH:7
FNDA:22,Register
FNDA:17,(anonymous_1)
FNDA:3,(anonymous_2)
FNDA:32,(anonymous_3)
FNDA:2,(anonymous_4)
FNDA:12,(anonymous_5)
FNDA:5,(anonymous_6)
DA:11,22
DA:12,21
DA:21,21
DA:22,17
DA:23,17
DA:24,17
DA:30,21
DA:31,3
DA:63,32
DA:66,21
DA:67,2
DA:68,12
DA:71,21
DA:72,5
DA:75,5
DA:86,4
DA:97,3
DA:108,2
DA:119,1
DA:120,1
DA:131,0
DA:135,0
DA:136,0
DA:149,0
DA:150,0
DA:158,0
DA:168,0
DA:181,0
DA:185,21
LF:29
LH:21
BRDA:75,0,0,1
BRDA:75,0,1,4
BRDA:75,1,0,5
BRDA:75,1,1,4
BRDA:75,1,2,4
BRDA:75,1,3,4
BRDA:75,1,4,4
BRDA:86,2,0,1
BRDA:86,2,1,3
BRDA:97,3,0,1
BRDA:97,3,1,2
BRDA:108,4,0,1
BRDA:108,4,1,1
BRDA:120,5,0,1
BRDA:120,5,1,0
BRF:15
BRH:14
end_of_record
TN:
SF:src\pages\Login\forgotpassword.jsx
FN:9,(anonymous_0)
FN:17,generateRandomCode
FN:31,(anonymous_2)
FN:77,(anonymous_3)
FN:110,(anonymous_4)
FN:114,(anonymous_5)
FN:116,(anonymous_6)
FN:120,(anonymous_7)
FN:212,(anonymous_8)
FNF:9
FNH:5
FNDA:11,(anonymous_0)
FNDA:1,generateRandomCode
FNDA:1,(anonymous_2)
FNDA:0,(anonymous_3)
FNDA:0,(anonymous_4)
FNDA:0,(anonymous_5)
FNDA:0,(anonymous_6)
FNDA:2,(anonymous_7)
FNDA:7,(anonymous_8)
DA:9,1
DA:10,11
DA:11,11
DA:12,11
DA:13,11
DA:14,11
DA:19,1
DA:20,1
DA:21,1
DA:23,1
DA:24,6
DA:25,6
DA:27,1
DA:31,11
DA:32,1
DA:33,1
DA:34,1
DA:35,1
DA:36,1
DA:38,0
DA:49,0
DA:51,1
DA:52,1
DA:53,1
DA:54,1
DA:55,1
DA:56,1
DA:57,1
DA:58,1
DA:62,1
DA:77,11
DA:78,0
DA:110,0
DA:114,11
DA:115,0
DA:116,0
DA:120,11
DA:121,2
DA:122,2
DA:123,0
DA:134,0
DA:135,0
DA:136,0
DA:147,0
DA:148,0
DA:159,0
DA:160,0
DA:172,0
DA:177,0
DA:181,0
DA:192,0
DA:194,0
DA:197,2
DA:212,11
DA:213,7
DA:214,7
DA:215,3
DA:216,4
DA:217,2
DA:218,2
DA:219,2
DA:223,11
LF:62
LH:43
BRDA:51,0,0,1
BRDA:51,0,1,0
BRDA:122,1,0,0
BRDA:122,1,1,2
BRDA:135,2,0,0
BRDA:135,2,1,0
BRDA:147,3,0,0
BRDA:147,3,1,0
BRDA:159,4,0,0
BRDA:159,4,1,0
BRDA:214,5,0,3
BRDA:214,5,1,4
BRDA:216,6,0,2
BRDA:216,6,1,2
BRDA:218,7,0,2
BRDA:218,7,1,0
BRF:16
BRH:7
end_of_record
